[1.588s] Invoking command in '/home/amin/ros2_ardu_afra_team_ws/src/ardu_afra_team': PYTHONPATH=/home/amin/ros2_ardu_afra_team_ws/build/ardu_afra_team/prefix_override:/usr/lib/python3/dist-packages/colcon_core/task/python/colcon_distutils_commands:/home/amin/ros2_ardu_afra_team_ws/install/ardu_afra_team/lib/python3.10/site-packages:${PYTHONPATH} /usr/bin/python3 -W ignore:setup.py install is deprecated -W ignore:easy_install command is deprecated setup.py egg_info --egg-base ../../build/ardu_afra_team build --build-base /home/amin/ros2_ardu_afra_team_ws/build/ardu_afra_team/build install --record /home/amin/ros2_ardu_afra_team_ws/build/ardu_afra_team/install.log --single-version-externally-managed install_data
[2.084s] running egg_info
[2.117s] writing ../../build/ardu_afra_team/ardu_afra_team.egg-info/PKG-INFO
[2.123s] writing dependency_links to ../../build/ardu_afra_team/ardu_afra_team.egg-info/dependency_links.txt
[2.123s] writing entry points to ../../build/ardu_afra_team/ardu_afra_team.egg-info/entry_points.txt
[2.124s] writing requirements to ../../build/ardu_afra_team/ardu_afra_team.egg-info/requires.txt
[2.124s] writing top-level names to ../../build/ardu_afra_team/ardu_afra_team.egg-info/top_level.txt
[2.194s] reading manifest file '../../build/ardu_afra_team/ardu_afra_team.egg-info/SOURCES.txt'
[2.200s] writing manifest file '../../build/ardu_afra_team/ardu_afra_team.egg-info/SOURCES.txt'
[2.200s] running build
[2.200s] running build_py
[2.201s] copying ardu_afra_team/shape_control_node.py -> /home/amin/ros2_ardu_afra_team_ws/build/ardu_afra_team/build/lib/ardu_afra_team
[2.202s] copying ardu_afra_team/__init__.py -> /home/amin/ros2_ardu_afra_team_ws/build/ardu_afra_team/build/lib/ardu_afra_team
[2.202s] copying ardu_afra_team/menu_node.py -> /home/amin/ros2_ardu_afra_team_ws/build/ardu_afra_team/build/lib/ardu_afra_team
[2.203s] copying ardu_afra_team/movment_control_node.py -> /home/amin/ros2_ardu_afra_team_ws/build/ardu_afra_team/build/lib/ardu_afra_team
[2.203s] copying ardu_afra_team/control.py -> /home/amin/ros2_ardu_afra_team_ws/build/ardu_afra_team/build/lib/ardu_afra_team
[2.203s] running install
[2.209s] running install_lib
[2.242s] copying /home/amin/ros2_ardu_afra_team_ws/build/ardu_afra_team/build/lib/ardu_afra_team/shape_control_node.py -> /home/amin/ros2_ardu_afra_team_ws/install/ardu_afra_team/lib/python3.10/site-packages/ardu_afra_team
[2.242s] copying /home/amin/ros2_ardu_afra_team_ws/build/ardu_afra_team/build/lib/ardu_afra_team/movment_control_node.py -> /home/amin/ros2_ardu_afra_team_ws/install/ardu_afra_team/lib/python3.10/site-packages/ardu_afra_team
[2.244s] byte-compiling /home/amin/ros2_ardu_afra_team_ws/install/ardu_afra_team/lib/python3.10/site-packages/ardu_afra_team/shape_control_node.py to shape_control_node.cpython-310.pyc
[2.246s] byte-compiling /home/amin/ros2_ardu_afra_team_ws/install/ardu_afra_team/lib/python3.10/site-packages/ardu_afra_team/movment_control_node.py to movment_control_node.cpython-310.pyc
[2.247s] running install_data
[2.250s] copying resource/ardu_afra_team -> /home/amin/ros2_ardu_afra_team_ws/install/ardu_afra_team/share/ament_index/resource_index/packages
[2.250s] copying package.xml -> /home/amin/ros2_ardu_afra_team_ws/install/ardu_afra_team/share/ardu_afra_team
[2.250s] error: can't copy 'launch/spawn_drones.launch.py': doesn't exist or not a regular file
[2.285s] Invoked command in '/home/amin/ros2_ardu_afra_team_ws/src/ardu_afra_team' returned '1': PYTHONPATH=/home/amin/ros2_ardu_afra_team_ws/build/ardu_afra_team/prefix_override:/usr/lib/python3/dist-packages/colcon_core/task/python/colcon_distutils_commands:/home/amin/ros2_ardu_afra_team_ws/install/ardu_afra_team/lib/python3.10/site-packages:${PYTHONPATH} /usr/bin/python3 -W ignore:setup.py install is deprecated -W ignore:easy_install command is deprecated setup.py egg_info --egg-base ../../build/ardu_afra_team build --build-base /home/amin/ros2_ardu_afra_team_ws/build/ardu_afra_team/build install --record /home/amin/ros2_ardu_afra_team_ws/build/ardu_afra_team/install.log --single-version-externally-managed install_data
