[0.402s] Invoking command in '/home/amin/ros2_ardu_afra_team_ws/build/px4_ros_com': CMAKE_PREFIX_PATH=${CMAKE_PREFIX_PATH}:/home/amin/ros2_ws/install/px4_commander_pkg:/home/amin/ros2_ws/install/drone_formation:/opt/ros/humble /usr/bin/cmake --build /home/amin/ros2_ardu_afra_team_ws/build/px4_ros_com -- -j8 -l8
[0.469s] [35m[1mConsolidate compiler generated dependencies of target sensor_combined_listener[0m
[0.472s] [35m[1mConsolidate compiler generated dependencies of target offboard_control[0m
[0.473s] [35m[1mConsolidate compiler generated dependencies of target vehicle_gps_position_listener[0m
[0.479s] [35m[1mConsolidate compiler generated dependencies of target frame_transforms[0m
[0.483s] [35m[1mConsolidate compiler generated dependencies of target debug_vect_advertiser[0m
[0.483s] [35m[1mConsolidate compiler generated dependencies of target offboard_control_srv[0m
[0.506s] [ 16%] Built target sensor_combined_listener
[0.509s] [ 33%] Built target frame_transforms
[0.510s] [ 50%] Built target vehicle_gps_position_listener
[0.514s] [ 66%] Built target offboard_control
[0.516s] [ 83%] Built target debug_vect_advertiser
[0.519s] [100%] Built target offboard_control_srv
[0.520s] [100%] Built target ament_cmake_python_symlink_px4_ros_com
[0.956s] running egg_info
[0.994s] writing px4_ros_com.egg-info/PKG-INFO
[0.995s] writing dependency_links to px4_ros_com.egg-info/dependency_links.txt
[0.995s] writing top-level names to px4_ros_com.egg-info/top_level.txt
[1.107s] reading manifest file 'px4_ros_com.egg-info/SOURCES.txt'
[1.109s] writing manifest file 'px4_ros_com.egg-info/SOURCES.txt'
[1.159s] [100%] Built target ament_cmake_python_build_px4_ros_com_egg
[1.174s] Invoked command in '/home/amin/ros2_ardu_afra_team_ws/build/px4_ros_com' returned '0': CMAKE_PREFIX_PATH=${CMAKE_PREFIX_PATH}:/home/amin/ros2_ws/install/px4_commander_pkg:/home/amin/ros2_ws/install/drone_formation:/opt/ros/humble /usr/bin/cmake --build /home/amin/ros2_ardu_afra_team_ws/build/px4_ros_com -- -j8 -l8
[1.189s] Invoking command in '/home/amin/ros2_ardu_afra_team_ws/build/px4_ros_com': CMAKE_PREFIX_PATH=${CMAKE_PREFIX_PATH}:/home/amin/ros2_ws/install/px4_commander_pkg:/home/amin/ros2_ws/install/drone_formation:/opt/ros/humble /usr/bin/cmake --install /home/amin/ros2_ardu_afra_team_ws/build/px4_ros_com
[1.200s] -- Install configuration: ""
[1.200s] -- Execute custom install script
[1.201s] -- Up-to-date symlink: /home/amin/ros2_ardu_afra_team_ws/install/px4_ros_com/lib/px4_ros_com/sensor_combined_listener
[1.201s] -- Up-to-date symlink: /home/amin/ros2_ardu_afra_team_ws/install/px4_ros_com/lib/px4_ros_com/vehicle_gps_position_listener
[1.201s] -- Up-to-date symlink: /home/amin/ros2_ardu_afra_team_ws/install/px4_ros_com/lib/px4_ros_com/debug_vect_advertiser
[1.202s] -- Up-to-date symlink: /home/amin/ros2_ardu_afra_team_ws/install/px4_ros_com/lib/px4_ros_com/offboard_control
[1.202s] -- Up-to-date symlink: /home/amin/ros2_ardu_afra_team_ws/install/px4_ros_com/lib/px4_ros_com/offboard_control_srv
[1.202s] -- Up-to-date symlink: /home/amin/ros2_ardu_afra_team_ws/install/px4_ros_com/share/px4_ros_com/environment/library_path.sh
[1.203s] -- Up-to-date symlink: /home/amin/ros2_ardu_afra_team_ws/install/px4_ros_com/share/px4_ros_com/environment/library_path.dsv
[1.203s] -- Up-to-date symlink: /home/amin/ros2_ardu_afra_team_ws/install/px4_ros_com/include/px4_ros_com/frame_transforms.h
[1.204s] -- Up-to-date symlink: /home/amin/ros2_ardu_afra_team_ws/install/px4_ros_com/share/px4_ros_com//launch/offboard_control_launch.yaml
[1.204s] -- Up-to-date symlink: /home/amin/ros2_ardu_afra_team_ws/install/px4_ros_com/share/px4_ros_com//launch/sensor_combined_listener.launch.py
[1.204s] -- Up-to-date symlink: /home/amin/ros2_ardu_afra_team_ws/install/px4_ros_com/share/px4_ros_com//test/__init__.py
[1.205s] -- Up-to-date symlink: /home/amin/ros2_ardu_afra_team_ws/install/px4_ros_com/share/px4_ros_com//test/pipeline_io_test.py
[1.205s] -- Up-to-date symlink: /home/amin/ros2_ardu_afra_team_ws/install/px4_ros_com/share/px4_ros_com//test/test_input.py
[1.205s] -- Up-to-date symlink: /home/amin/ros2_ardu_afra_team_ws/install/px4_ros_com/share/px4_ros_com//test/test_output.py
[1.205s] -- Up-to-date symlink: /home/amin/ros2_ardu_afra_team_ws/install/px4_ros_com/share/px4_ros_com/environment/pythonpath.sh
[1.206s] -- Up-to-date symlink: /home/amin/ros2_ardu_afra_team_ws/install/px4_ros_com/share/px4_ros_com/environment/pythonpath.dsv
[1.206s] -- Up-to-date symlink: /home/amin/ros2_ardu_afra_team_ws/install/px4_ros_com/local/lib/python3.10/dist-packages/px4_ros_com-0.1.0-py3.10.egg-info/PKG-INFO
[1.206s] -- Up-to-date symlink: /home/amin/ros2_ardu_afra_team_ws/install/px4_ros_com/local/lib/python3.10/dist-packages/px4_ros_com-0.1.0-py3.10.egg-info/SOURCES.txt
[1.206s] -- Up-to-date symlink: /home/amin/ros2_ardu_afra_team_ws/install/px4_ros_com/local/lib/python3.10/dist-packages/px4_ros_com-0.1.0-py3.10.egg-info/dependency_links.txt
[1.207s] -- Up-to-date symlink: /home/amin/ros2_ardu_afra_team_ws/install/px4_ros_com/local/lib/python3.10/dist-packages/px4_ros_com-0.1.0-py3.10.egg-info/top_level.txt
[1.207s] -- Up-to-date symlink: /home/amin/ros2_ardu_afra_team_ws/install/px4_ros_com/local/lib/python3.10/dist-packages/px4_ros_com/__init__.py
[1.207s] -- Up-to-date symlink: /home/amin/ros2_ardu_afra_team_ws/install/px4_ros_com/local/lib/python3.10/dist-packages/px4_ros_com/module_to_import.py
[1.208s] -- Up-to-date symlink: /home/amin/ros2_ardu_afra_team_ws/install/px4_ros_com/lib/px4_ros_com/offboard_control.py
[1.208s] -- Up-to-date symlink: /home/amin/ros2_ardu_afra_team_ws/install/px4_ros_com/share/ament_index/resource_index/package_run_dependencies/px4_ros_com
[1.208s] -- Up-to-date symlink: /home/amin/ros2_ardu_afra_team_ws/install/px4_ros_com/share/ament_index/resource_index/parent_prefix_path/px4_ros_com
[1.208s] -- Up-to-date symlink: /home/amin/ros2_ardu_afra_team_ws/install/px4_ros_com/share/px4_ros_com/environment/ament_prefix_path.sh
[1.209s] -- Up-to-date symlink: /home/amin/ros2_ardu_afra_team_ws/install/px4_ros_com/share/px4_ros_com/environment/ament_prefix_path.dsv
[1.209s] -- Up-to-date symlink: /home/amin/ros2_ardu_afra_team_ws/install/px4_ros_com/share/px4_ros_com/environment/path.sh
[1.209s] -- Up-to-date symlink: /home/amin/ros2_ardu_afra_team_ws/install/px4_ros_com/share/px4_ros_com/environment/path.dsv
[1.209s] -- Up-to-date symlink: /home/amin/ros2_ardu_afra_team_ws/install/px4_ros_com/share/px4_ros_com/local_setup.bash
[1.210s] -- Up-to-date symlink: /home/amin/ros2_ardu_afra_team_ws/install/px4_ros_com/share/px4_ros_com/local_setup.sh
[1.210s] -- Up-to-date symlink: /home/amin/ros2_ardu_afra_team_ws/install/px4_ros_com/share/px4_ros_com/local_setup.zsh
[1.210s] -- Up-to-date symlink: /home/amin/ros2_ardu_afra_team_ws/install/px4_ros_com/share/px4_ros_com/local_setup.dsv
[1.210s] -- Symlinking: /home/amin/ros2_ardu_afra_team_ws/install/px4_ros_com/share/px4_ros_com/package.dsv
[1.223s] -- Up-to-date symlink: /home/amin/ros2_ardu_afra_team_ws/install/px4_ros_com/share/ament_index/resource_index/packages/px4_ros_com
[1.223s] -- Up-to-date symlink: /home/amin/ros2_ardu_afra_team_ws/install/px4_ros_com/share/px4_ros_com/cmake/ament_cmake_export_dependencies-extras.cmake
[1.223s] -- Up-to-date symlink: /home/amin/ros2_ardu_afra_team_ws/install/px4_ros_com/share/px4_ros_com/cmake/ament_cmake_export_targets-extras.cmake
[1.223s] -- Up-to-date symlink: /home/amin/ros2_ardu_afra_team_ws/install/px4_ros_com/share/px4_ros_com/cmake/ament_cmake_export_include_directories-extras.cmake
[1.223s] -- Up-to-date symlink: /home/amin/ros2_ardu_afra_team_ws/install/px4_ros_com/share/px4_ros_com/cmake/ament_cmake_export_libraries-extras.cmake
[1.224s] -- Up-to-date symlink: /home/amin/ros2_ardu_afra_team_ws/install/px4_ros_com/share/px4_ros_com/cmake/px4_ros_comConfig.cmake
[1.224s] -- Up-to-date symlink: /home/amin/ros2_ardu_afra_team_ws/install/px4_ros_com/share/px4_ros_com/cmake/px4_ros_comConfig-version.cmake
[1.224s] -- Up-to-date symlink: /home/amin/ros2_ardu_afra_team_ws/install/px4_ros_com/share/px4_ros_com/package.xml
[1.224s] -- Up-to-date: /home/amin/ros2_ardu_afra_team_ws/install/px4_ros_com/lib/libframe_transforms.so
[1.282s] Listing '/home/amin/ros2_ardu_afra_team_ws/install/px4_ros_com/local/lib/python3.10/dist-packages/px4_ros_com'...
[1.288s] -- Up-to-date: /home/amin/ros2_ardu_afra_team_ws/install/px4_ros_com/share/px4_ros_com/cmake/export_frame_transformsExport.cmake
[1.288s] -- Up-to-date: /home/amin/ros2_ardu_afra_team_ws/install/px4_ros_com/share/px4_ros_com/cmake/export_frame_transformsExport-noconfig.cmake
[1.291s] Invoked command in '/home/amin/ros2_ardu_afra_team_ws/build/px4_ros_com' returned '0': CMAKE_PREFIX_PATH=${CMAKE_PREFIX_PATH}:/home/amin/ros2_ws/install/px4_commander_pkg:/home/amin/ros2_ws/install/drone_formation:/opt/ros/humble /usr/bin/cmake --install /home/amin/ros2_ardu_afra_team_ws/build/px4_ros_com
