/home/amin/ros2_ardu_afra_team_ws/install/ardu_afra_team/lib/python3.10/site-packages/ardu_afra_team/shape_control_node.py
/home/amin/ros2_ardu_afra_team_ws/install/ardu_afra_team/lib/python3.10/site-packages/ardu_afra_team/__init__.py
/home/amin/ros2_ardu_afra_team_ws/install/ardu_afra_team/lib/python3.10/site-packages/ardu_afra_team/menu_node.py
/home/amin/ros2_ardu_afra_team_ws/install/ardu_afra_team/lib/python3.10/site-packages/ardu_afra_team/movment_control_node.py
/home/amin/ros2_ardu_afra_team_ws/install/ardu_afra_team/lib/python3.10/site-packages/ardu_afra_team/control.py
/home/amin/ros2_ardu_afra_team_ws/install/ardu_afra_team/lib/python3.10/site-packages/ardu_afra_team/__pycache__/shape_control_node.cpython-310.pyc
/home/amin/ros2_ardu_afra_team_ws/install/ardu_afra_team/lib/python3.10/site-packages/ardu_afra_team/__pycache__/__init__.cpython-310.pyc
/home/amin/ros2_ardu_afra_team_ws/install/ardu_afra_team/lib/python3.10/site-packages/ardu_afra_team/__pycache__/menu_node.cpython-310.pyc
/home/amin/ros2_ardu_afra_team_ws/install/ardu_afra_team/lib/python3.10/site-packages/ardu_afra_team/__pycache__/movment_control_node.cpython-310.pyc
/home/amin/ros2_ardu_afra_team_ws/install/ardu_afra_team/lib/python3.10/site-packages/ardu_afra_team/__pycache__/control.cpython-310.pyc
/home/amin/ros2_ardu_afra_team_ws/install/ardu_afra_team/share/ament_index/resource_index/packages/ardu_afra_team
/home/amin/ros2_ardu_afra_team_ws/install/ardu_afra_team/share/ardu_afra_team/package.xml
/home/amin/ros2_ardu_afra_team_ws/install/ardu_afra_team/share/ardu_afra_team/launch/spawn_drones.launch.py
/home/amin/ros2_ardu_afra_team_ws/install/ardu_afra_team/lib/python3.10/site-packages/ardu_afra_team-0.0.0-py3.10.egg-info/PKG-INFO
/home/amin/ros2_ardu_afra_team_ws/install/ardu_afra_team/lib/python3.10/site-packages/ardu_afra_team-0.0.0-py3.10.egg-info/entry_points.txt
/home/amin/ros2_ardu_afra_team_ws/install/ardu_afra_team/lib/python3.10/site-packages/ardu_afra_team-0.0.0-py3.10.egg-info/SOURCES.txt
/home/amin/ros2_ardu_afra_team_ws/install/ardu_afra_team/lib/python3.10/site-packages/ardu_afra_team-0.0.0-py3.10.egg-info/zip-safe
/home/amin/ros2_ardu_afra_team_ws/install/ardu_afra_team/lib/python3.10/site-packages/ardu_afra_team-0.0.0-py3.10.egg-info/top_level.txt
/home/amin/ros2_ardu_afra_team_ws/install/ardu_afra_team/lib/python3.10/site-packages/ardu_afra_team-0.0.0-py3.10.egg-info/dependency_links.txt
/home/amin/ros2_ardu_afra_team_ws/install/ardu_afra_team/lib/python3.10/site-packages/ardu_afra_team-0.0.0-py3.10.egg-info/requires.txt
/home/amin/ros2_ardu_afra_team_ws/install/ardu_afra_team/lib/ardu_afra_team/control
/home/amin/ros2_ardu_afra_team_ws/install/ardu_afra_team/lib/ardu_afra_team/formation_node
/home/amin/ros2_ardu_afra_team_ws/install/ardu_afra_team/lib/ardu_afra_team/menu_node
/home/amin/ros2_ardu_afra_team_ws/install/ardu_afra_team/lib/ardu_afra_team/movment_control_node
/home/amin/ros2_ardu_afra_team_ws/install/ardu_afra_team/lib/ardu_afra_team/shape_control_node
