[0.166s] DEBUG:colcon:Command line arguments: ['/usr/bin/colcon', 'build']
[0.166s] DEBUG:colcon:Parsed command line arguments: Namespace(log_base=None, log_level=None, verb_name='build', build_base='build', install_base='install', merge_install=False, symlink_install=False, test_result_base=None, continue_on_error=False, executor='parallel', parallel_workers=8, event_handlers=None, ignore_user_meta=False, metas=['./colcon.meta'], base_paths=['.'], packages_ignore=None, packages_ignore_regex=None, paths=None, packages_up_to=None, packages_up_to_regex=None, packages_above=None, packages_above_and_dependencies=None, packages_above_depth=None, packages_select_by_dep=None, packages_skip_by_dep=None, packages_skip_up_to=None, packages_select_build_failed=False, packages_skip_build_finished=False, packages_select_test_failures=False, packages_skip_test_passed=False, packages_select=None, packages_skip=None, packages_select_regex=None, packages_skip_regex=None, packages_start=None, packages_end=None, allow_overriding=[], cmake_args=None, cmake_target=None, cmake_target_skip_unavailable=False, cmake_clean_cache=False, cmake_clean_first=False, cmake_force_configure=False, ament_cmake_args=None, catkin_cmake_args=None, catkin_skip_building_tests=False, verb_parser=<colcon_defaults.argument_parser.defaults.DefaultArgumentsDecorator object at 0x7bf319213ee0>, verb_extension=<colcon_core.verb.build.BuildVerb object at 0x7bf3191d45b0>, main=<bound method BuildVerb.main of <colcon_core.verb.build.BuildVerb object at 0x7bf3191d45b0>>)
[0.262s] Level 1:colcon.colcon_core.package_discovery:discover_packages(colcon_meta) check parameters
[0.262s] Level 1:colcon.colcon_core.package_discovery:discover_packages(recursive) check parameters
[0.262s] Level 1:colcon.colcon_core.package_discovery:discover_packages(ignore) check parameters
[0.263s] Level 1:colcon.colcon_core.package_discovery:discover_packages(path) check parameters
[0.263s] Level 1:colcon.colcon_core.package_discovery:discover_packages(colcon_meta) discover
[0.263s] Level 1:colcon.colcon_core.package_discovery:discover_packages(recursive) discover
[0.263s] INFO:colcon.colcon_core.package_discovery:Crawling recursively for packages in '/home/amin/ros2_ardu_afra_team_ws'
[0.263s] Level 1:colcon.colcon_core.package_identification:_identify(.) by extensions ['ignore', 'ignore_ament_install']
[0.263s] Level 1:colcon.colcon_core.package_identification:_identify(.) by extension 'ignore'
[0.263s] Level 1:colcon.colcon_core.package_identification:_identify(.) by extension 'ignore_ament_install'
[0.263s] Level 1:colcon.colcon_core.package_identification:_identify(.) by extensions ['colcon_pkg']
[0.263s] Level 1:colcon.colcon_core.package_identification:_identify(.) by extension 'colcon_pkg'
[0.263s] Level 1:colcon.colcon_core.package_identification:_identify(.) by extensions ['colcon_meta']
[0.263s] Level 1:colcon.colcon_core.package_identification:_identify(.) by extension 'colcon_meta'
[0.263s] Level 1:colcon.colcon_core.package_identification:_identify(.) by extensions ['ros']
[0.263s] Level 1:colcon.colcon_core.package_identification:_identify(.) by extension 'ros'
[0.297s] Level 1:colcon.colcon_core.package_identification:_identify(.) by extensions ['cmake', 'python']
[0.297s] Level 1:colcon.colcon_core.package_identification:_identify(.) by extension 'cmake'
[0.297s] Level 1:colcon.colcon_core.package_identification:_identify(.) by extension 'python'
[0.297s] Level 1:colcon.colcon_core.package_identification:_identify(.) by extensions ['python_setup_py']
[0.297s] Level 1:colcon.colcon_core.package_identification:_identify(.) by extension 'python_setup_py'
[0.297s] Level 1:colcon.colcon_core.package_identification:_identify(build) by extensions ['ignore', 'ignore_ament_install']
[0.297s] Level 1:colcon.colcon_core.package_identification:_identify(build) by extension 'ignore'
[0.297s] Level 1:colcon.colcon_core.package_identification:_identify(build) ignored
[0.298s] Level 1:colcon.colcon_core.package_identification:_identify(install) by extensions ['ignore', 'ignore_ament_install']
[0.298s] Level 1:colcon.colcon_core.package_identification:_identify(install) by extension 'ignore'
[0.298s] Level 1:colcon.colcon_core.package_identification:_identify(install) ignored
[0.298s] Level 1:colcon.colcon_core.package_identification:_identify(log) by extensions ['ignore', 'ignore_ament_install']
[0.298s] Level 1:colcon.colcon_core.package_identification:_identify(log) by extension 'ignore'
[0.298s] Level 1:colcon.colcon_core.package_identification:_identify(log) ignored
[0.298s] Level 1:colcon.colcon_core.package_identification:_identify(src) by extensions ['ignore', 'ignore_ament_install']
[0.298s] Level 1:colcon.colcon_core.package_identification:_identify(src) by extension 'ignore'
[0.299s] Level 1:colcon.colcon_core.package_identification:_identify(src) by extension 'ignore_ament_install'
[0.299s] Level 1:colcon.colcon_core.package_identification:_identify(src) by extensions ['colcon_pkg']
[0.299s] Level 1:colcon.colcon_core.package_identification:_identify(src) by extension 'colcon_pkg'
[0.299s] Level 1:colcon.colcon_core.package_identification:_identify(src) by extensions ['colcon_meta']
[0.299s] Level 1:colcon.colcon_core.package_identification:_identify(src) by extension 'colcon_meta'
[0.299s] Level 1:colcon.colcon_core.package_identification:_identify(src) by extensions ['ros']
[0.299s] Level 1:colcon.colcon_core.package_identification:_identify(src) by extension 'ros'
[0.299s] Level 1:colcon.colcon_core.package_identification:_identify(src) by extensions ['cmake', 'python']
[0.299s] Level 1:colcon.colcon_core.package_identification:_identify(src) by extension 'cmake'
[0.299s] Level 1:colcon.colcon_core.package_identification:_identify(src) by extension 'python'
[0.299s] Level 1:colcon.colcon_core.package_identification:_identify(src) by extensions ['python_setup_py']
[0.299s] Level 1:colcon.colcon_core.package_identification:_identify(src) by extension 'python_setup_py'
[0.299s] Level 1:colcon.colcon_core.package_identification:_identify(src/ardu_afra_team) by extensions ['ignore', 'ignore_ament_install']
[0.300s] Level 1:colcon.colcon_core.package_identification:_identify(src/ardu_afra_team) by extension 'ignore'
[0.300s] Level 1:colcon.colcon_core.package_identification:_identify(src/ardu_afra_team) by extension 'ignore_ament_install'
[0.300s] Level 1:colcon.colcon_core.package_identification:_identify(src/ardu_afra_team) by extensions ['colcon_pkg']
[0.300s] Level 1:colcon.colcon_core.package_identification:_identify(src/ardu_afra_team) by extension 'colcon_pkg'
[0.300s] Level 1:colcon.colcon_core.package_identification:_identify(src/ardu_afra_team) by extensions ['colcon_meta']
[0.300s] Level 1:colcon.colcon_core.package_identification:_identify(src/ardu_afra_team) by extension 'colcon_meta'
[0.300s] Level 1:colcon.colcon_core.package_identification:_identify(src/ardu_afra_team) by extensions ['ros']
[0.300s] Level 1:colcon.colcon_core.package_identification:_identify(src/ardu_afra_team) by extension 'ros'
[0.303s] DEBUG:colcon.colcon_core.package_identification:Package 'src/ardu_afra_team' with type 'ros.ament_python' and name 'ardu_afra_team'
[0.303s] Level 1:colcon.colcon_core.package_discovery:discover_packages(recursive) using defaults
[0.303s] Level 1:colcon.colcon_core.package_discovery:discover_packages(ignore) discover
[0.304s] Level 1:colcon.colcon_core.package_discovery:discover_packages(ignore) using defaults
[0.304s] Level 1:colcon.colcon_core.package_discovery:discover_packages(path) discover
[0.304s] Level 1:colcon.colcon_core.package_discovery:discover_packages(path) using defaults
[0.345s] Level 1:colcon.colcon_core.package_discovery:discover_packages(prefix_path) check parameters
[0.345s] Level 1:colcon.colcon_core.package_discovery:discover_packages(prefix_path) discover
[0.351s] DEBUG:colcon.colcon_installed_package_information.package_discovery:Found 1 installed packages in /home/amin/ros2_ardu_afra_team_ws/install
[0.352s] DEBUG:colcon.colcon_installed_package_information.package_discovery:Found 9 installed packages in /home/amin/ros2_ws/install
[0.354s] DEBUG:colcon.colcon_installed_package_information.package_discovery:Found 288 installed packages in /opt/ros/humble
[0.357s] Level 1:colcon.colcon_core.package_discovery:discover_packages(prefix_path) using defaults
[0.420s] Level 5:colcon.colcon_core.verb:set package 'ardu_afra_team' build argument 'cmake_args' from command line to 'None'
[0.420s] Level 5:colcon.colcon_core.verb:set package 'ardu_afra_team' build argument 'cmake_target' from command line to 'None'
[0.420s] Level 5:colcon.colcon_core.verb:set package 'ardu_afra_team' build argument 'cmake_target_skip_unavailable' from command line to 'False'
[0.420s] Level 5:colcon.colcon_core.verb:set package 'ardu_afra_team' build argument 'cmake_clean_cache' from command line to 'False'
[0.421s] Level 5:colcon.colcon_core.verb:set package 'ardu_afra_team' build argument 'cmake_clean_first' from command line to 'False'
[0.421s] Level 5:colcon.colcon_core.verb:set package 'ardu_afra_team' build argument 'cmake_force_configure' from command line to 'False'
[0.421s] Level 5:colcon.colcon_core.verb:set package 'ardu_afra_team' build argument 'ament_cmake_args' from command line to 'None'
[0.421s] Level 5:colcon.colcon_core.verb:set package 'ardu_afra_team' build argument 'catkin_cmake_args' from command line to 'None'
[0.421s] Level 5:colcon.colcon_core.verb:set package 'ardu_afra_team' build argument 'catkin_skip_building_tests' from command line to 'False'
[0.421s] DEBUG:colcon.colcon_core.verb:Building package 'ardu_afra_team' with the following arguments: {'ament_cmake_args': None, 'build_base': '/home/amin/ros2_ardu_afra_team_ws/build/ardu_afra_team', 'catkin_cmake_args': None, 'catkin_skip_building_tests': False, 'cmake_args': None, 'cmake_clean_cache': False, 'cmake_clean_first': False, 'cmake_force_configure': False, 'cmake_target': None, 'cmake_target_skip_unavailable': False, 'install_base': '/home/amin/ros2_ardu_afra_team_ws/install/ardu_afra_team', 'merge_install': False, 'path': '/home/amin/ros2_ardu_afra_team_ws/src/ardu_afra_team', 'symlink_install': False, 'test_result_base': None}
[0.421s] INFO:colcon.colcon_core.executor:Executing jobs using 'parallel' executor
[0.422s] DEBUG:colcon.colcon_parallel_executor.executor.parallel:run_until_complete
[0.423s] INFO:colcon.colcon_ros.task.ament_python.build:Building ROS package in '/home/amin/ros2_ardu_afra_team_ws/src/ardu_afra_team' with build type 'ament_python'
[0.423s] Level 1:colcon.colcon_core.shell:create_environment_hook('ardu_afra_team', 'ament_prefix_path')
[0.426s] INFO:colcon.colcon_core.plugin_system:Skipping extension 'colcon_core.shell.bat': Not used on non-Windows systems
[0.427s] INFO:colcon.colcon_core.shell:Creating environment hook '/home/amin/ros2_ardu_afra_team_ws/install/ardu_afra_team/share/ardu_afra_team/hook/ament_prefix_path.ps1'
[0.428s] INFO:colcon.colcon_core.shell:Creating environment descriptor '/home/amin/ros2_ardu_afra_team_ws/install/ardu_afra_team/share/ardu_afra_team/hook/ament_prefix_path.dsv'
[0.428s] INFO:colcon.colcon_core.shell:Creating environment hook '/home/amin/ros2_ardu_afra_team_ws/install/ardu_afra_team/share/ardu_afra_team/hook/ament_prefix_path.sh'
[0.430s] INFO:colcon.colcon_core.shell:Skip shell extension 'powershell' for command environment: Not usable outside of PowerShell
[0.430s] DEBUG:colcon.colcon_core.shell:Skip shell extension 'dsv' for command environment
[0.866s] INFO:colcon.colcon_core.task.python.build:Building Python package in '/home/amin/ros2_ardu_afra_team_ws/src/ardu_afra_team'
[0.866s] INFO:colcon.colcon_core.shell:Skip shell extension 'powershell' for command environment: Not usable outside of PowerShell
[0.867s] DEBUG:colcon.colcon_core.shell:Skip shell extension 'dsv' for command environment
[1.892s] DEBUG:colcon.colcon_core.event_handler.log_command:Invoking command in '/home/amin/ros2_ardu_afra_team_ws/src/ardu_afra_team': PYTHONPATH=/home/amin/ros2_ardu_afra_team_ws/build/ardu_afra_team/prefix_override:/usr/lib/python3/dist-packages/colcon_core/task/python/colcon_distutils_commands:/home/amin/ros2_ardu_afra_team_ws/install/ardu_afra_team/lib/python3.10/site-packages:${PYTHONPATH} /usr/bin/python3 -W ignore:setup.py install is deprecated -W ignore:easy_install command is deprecated setup.py egg_info --egg-base ../../build/ardu_afra_team build --build-base /home/amin/ros2_ardu_afra_team_ws/build/ardu_afra_team/build install --record /home/amin/ros2_ardu_afra_team_ws/build/ardu_afra_team/install.log --single-version-externally-managed install_data
[2.916s] DEBUG:colcon.colcon_core.event_handler.log_command:Invoked command in '/home/amin/ros2_ardu_afra_team_ws/src/ardu_afra_team' returned '0': PYTHONPATH=/home/amin/ros2_ardu_afra_team_ws/build/ardu_afra_team/prefix_override:/usr/lib/python3/dist-packages/colcon_core/task/python/colcon_distutils_commands:/home/amin/ros2_ardu_afra_team_ws/install/ardu_afra_team/lib/python3.10/site-packages:${PYTHONPATH} /usr/bin/python3 -W ignore:setup.py install is deprecated -W ignore:easy_install command is deprecated setup.py egg_info --egg-base ../../build/ardu_afra_team build --build-base /home/amin/ros2_ardu_afra_team_ws/build/ardu_afra_team/build install --record /home/amin/ros2_ardu_afra_team_ws/build/ardu_afra_team/install.log --single-version-externally-managed install_data
[2.924s] Level 1:colcon.colcon_core.environment:checking '/home/amin/ros2_ardu_afra_team_ws/install/ardu_afra_team' for CMake module files
[2.926s] Level 1:colcon.colcon_core.environment:checking '/home/amin/ros2_ardu_afra_team_ws/install/ardu_afra_team' for CMake config files
[2.929s] Level 1:colcon.colcon_core.environment:checking '/home/amin/ros2_ardu_afra_team_ws/install/ardu_afra_team/lib'
[2.929s] Level 1:colcon.colcon_core.environment:checking '/home/amin/ros2_ardu_afra_team_ws/install/ardu_afra_team/bin'
[2.929s] Level 1:colcon.colcon_core.environment:checking '/home/amin/ros2_ardu_afra_team_ws/install/ardu_afra_team/lib/pkgconfig/ardu_afra_team.pc'
[2.930s] Level 1:colcon.colcon_core.environment:checking '/home/amin/ros2_ardu_afra_team_ws/install/ardu_afra_team/lib/python3.10/site-packages'
[2.931s] Level 1:colcon.colcon_core.shell:create_environment_hook('ardu_afra_team', 'pythonpath')
[2.931s] INFO:colcon.colcon_core.shell:Creating environment hook '/home/amin/ros2_ardu_afra_team_ws/install/ardu_afra_team/share/ardu_afra_team/hook/pythonpath.ps1'
[2.933s] INFO:colcon.colcon_core.shell:Creating environment descriptor '/home/amin/ros2_ardu_afra_team_ws/install/ardu_afra_team/share/ardu_afra_team/hook/pythonpath.dsv'
[2.934s] INFO:colcon.colcon_core.shell:Creating environment hook '/home/amin/ros2_ardu_afra_team_ws/install/ardu_afra_team/share/ardu_afra_team/hook/pythonpath.sh'
[2.936s] Level 1:colcon.colcon_core.environment:checking '/home/amin/ros2_ardu_afra_team_ws/install/ardu_afra_team/bin'
[2.936s] Level 1:colcon.colcon_core.environment:create_environment_scripts_only(ardu_afra_team)
[2.937s] INFO:colcon.colcon_core.shell:Creating package script '/home/amin/ros2_ardu_afra_team_ws/install/ardu_afra_team/share/ardu_afra_team/package.ps1'
[2.940s] INFO:colcon.colcon_core.shell:Creating package descriptor '/home/amin/ros2_ardu_afra_team_ws/install/ardu_afra_team/share/ardu_afra_team/package.dsv'
[2.942s] INFO:colcon.colcon_core.shell:Creating package script '/home/amin/ros2_ardu_afra_team_ws/install/ardu_afra_team/share/ardu_afra_team/package.sh'
[2.945s] INFO:colcon.colcon_core.shell:Creating package script '/home/amin/ros2_ardu_afra_team_ws/install/ardu_afra_team/share/ardu_afra_team/package.bash'
[2.948s] INFO:colcon.colcon_core.shell:Creating package script '/home/amin/ros2_ardu_afra_team_ws/install/ardu_afra_team/share/ardu_afra_team/package.zsh'
[2.950s] Level 1:colcon.colcon_core.environment:create_file_with_runtime_dependencies(/home/amin/ros2_ardu_afra_team_ws/install/ardu_afra_team/share/colcon-core/packages/ardu_afra_team)
[2.951s] DEBUG:colcon.colcon_parallel_executor.executor.parallel:closing loop
[2.952s] DEBUG:colcon.colcon_parallel_executor.executor.parallel:loop closed
[2.953s] DEBUG:colcon.colcon_parallel_executor.executor.parallel:run_until_complete finished with '0'
[2.953s] DEBUG:colcon.colcon_core.event_reactor:joining thread
[2.964s] INFO:colcon.colcon_core.plugin_system:Skipping extension 'colcon_notification.desktop_notification.terminal_notifier': Not used on non-Darwin systems
[2.964s] INFO:colcon.colcon_core.plugin_system:Skipping extension 'colcon_notification.desktop_notification.win32': Not used on non-Windows systems
[2.964s] INFO:colcon.colcon_notification.desktop_notification:Sending desktop notification using 'notify2'
[3.003s] DEBUG:colcon.colcon_core.event_reactor:joined thread
[3.004s] INFO:colcon.colcon_core.shell:Creating prefix script '/home/amin/ros2_ardu_afra_team_ws/install/local_setup.ps1'
[3.007s] INFO:colcon.colcon_core.shell:Creating prefix util module '/home/amin/ros2_ardu_afra_team_ws/install/_local_setup_util_ps1.py'
[3.011s] INFO:colcon.colcon_core.shell:Creating prefix chain script '/home/amin/ros2_ardu_afra_team_ws/install/setup.ps1'
[3.013s] INFO:colcon.colcon_core.shell:Creating prefix script '/home/amin/ros2_ardu_afra_team_ws/install/local_setup.sh'
[3.014s] INFO:colcon.colcon_core.shell:Creating prefix util module '/home/amin/ros2_ardu_afra_team_ws/install/_local_setup_util_sh.py'
[3.015s] INFO:colcon.colcon_core.shell:Creating prefix chain script '/home/amin/ros2_ardu_afra_team_ws/install/setup.sh'
[3.018s] INFO:colcon.colcon_core.shell:Creating prefix script '/home/amin/ros2_ardu_afra_team_ws/install/local_setup.bash'
[3.018s] INFO:colcon.colcon_core.shell:Creating prefix chain script '/home/amin/ros2_ardu_afra_team_ws/install/setup.bash'
[3.021s] INFO:colcon.colcon_core.shell:Creating prefix script '/home/amin/ros2_ardu_afra_team_ws/install/local_setup.zsh'
[3.021s] INFO:colcon.colcon_core.shell:Creating prefix chain script '/home/amin/ros2_ardu_afra_team_ws/install/setup.zsh'
