[1.563s] Invoking command in '/home/amin/ros2_ardu_afra_team_ws/build/ardu_afra_team': PYTHONPATH=/home/amin/ros2_ardu_afra_team_ws/build/ardu_afra_team/prefix_override:/usr/lib/python3/dist-packages/colcon_core/task/python/colcon_distutils_commands:/home/amin/ros2_ardu_afra_team_ws/install/ardu_afra_team/lib/python3.10/site-packages:${PYTHONPATH} /usr/bin/python3 -W ignore:setup.py install is deprecated -W ignore:easy_install command is deprecated setup.py develop --editable --build-directory /home/amin/ros2_ardu_afra_team_ws/build/ardu_afra_team/build --no-deps symlink_data
[2.268s] running develop
[2.765s] running egg_info
[2.797s] writing ardu_afra_team.egg-info/PKG-INFO
[2.797s] writing dependency_links to ardu_afra_team.egg-info/dependency_links.txt
[2.798s] writing entry points to ardu_afra_team.egg-info/entry_points.txt
[2.798s] writing requirements to ardu_afra_team.egg-info/requires.txt
[2.798s] writing top-level names to ardu_afra_team.egg-info/top_level.txt
[2.866s] reading manifest file 'ardu_afra_team.egg-info/SOURCES.txt'
[2.868s] writing manifest file 'ardu_afra_team.egg-info/SOURCES.txt'
[2.902s] running build_ext
[2.903s] Creating /home/amin/ros2_ardu_afra_team_ws/install/ardu_afra_team/lib/python3.10/site-packages/ardu-afra-team.egg-link (link to .)
[2.903s] Installing control script to /home/amin/ros2_ardu_afra_team_ws/install/ardu_afra_team/lib/ardu_afra_team
[2.904s] Installing menu_node script to /home/amin/ros2_ardu_afra_team_ws/install/ardu_afra_team/lib/ardu_afra_team
[2.904s] Installing movment_control_node script to /home/amin/ros2_ardu_afra_team_ws/install/ardu_afra_team/lib/ardu_afra_team
[2.904s] Installing shape_control_node script to /home/amin/ros2_ardu_afra_team_ws/install/ardu_afra_team/lib/ardu_afra_team
[2.905s] 
[2.905s] Installed /home/amin/ros2_ardu_afra_team_ws/build/ardu_afra_team
[2.905s] running symlink_data
[2.965s] Invoked command in '/home/amin/ros2_ardu_afra_team_ws/build/ardu_afra_team' returned '0': PYTHONPATH=/home/amin/ros2_ardu_afra_team_ws/build/ardu_afra_team/prefix_override:/usr/lib/python3/dist-packages/colcon_core/task/python/colcon_distutils_commands:/home/amin/ros2_ardu_afra_team_ws/install/ardu_afra_team/lib/python3.10/site-packages:${PYTHONPATH} /usr/bin/python3 -W ignore:setup.py install is deprecated -W ignore:easy_install command is deprecated setup.py develop --editable --build-directory /home/amin/ros2_ardu_afra_team_ws/build/ardu_afra_team/build --no-deps symlink_data
