[0.453s] Invoking command in '/home/amin/ros2_ardu_afra_team_ws/build/px4_ros_com': CMAKE_PREFIX_PATH=${CMAKE_PREFIX_PATH}:/home/amin/ros2_ardu_afra_team_ws/install/ardu_afra_team:/home/amin/ros2_ws/install/px4_commander_pkg:/home/amin/ros2_ws/install/drone_formation:/opt/ros/humble /usr/bin/cmake --build /home/amin/ros2_ardu_afra_team_ws/build/px4_ros_com -- -j8 -l8
[0.558s] [ 16%] Built target frame_transforms
[0.558s] [ 33%] Built target debug_vect_advertiser
[0.558s] [ 50%] Built target offboard_control
[0.559s] [ 66%] Built target vehicle_gps_position_listener
[0.561s] [ 83%] Built target offboard_control_srv
[0.566s] [100%] Built target sensor_combined_listener
[0.574s] [100%] Built target ament_cmake_python_symlink_px4_ros_com
[1.051s] running egg_info
[1.099s] writing px4_ros_com.egg-info/PKG-INFO
[1.100s] writing dependency_links to px4_ros_com.egg-info/dependency_links.txt
[1.101s] writing top-level names to px4_ros_com.egg-info/top_level.txt
[1.225s] reading manifest file 'px4_ros_com.egg-info/SOURCES.txt'
[1.227s] writing manifest file 'px4_ros_com.egg-info/SOURCES.txt'
[1.285s] [100%] Built target ament_cmake_python_build_px4_ros_com_egg
[1.302s] Invoked command in '/home/amin/ros2_ardu_afra_team_ws/build/px4_ros_com' returned '0': CMAKE_PREFIX_PATH=${CMAKE_PREFIX_PATH}:/home/amin/ros2_ardu_afra_team_ws/install/ardu_afra_team:/home/amin/ros2_ws/install/px4_commander_pkg:/home/amin/ros2_ws/install/drone_formation:/opt/ros/humble /usr/bin/cmake --build /home/amin/ros2_ardu_afra_team_ws/build/px4_ros_com -- -j8 -l8
[1.319s] Invoking command in '/home/amin/ros2_ardu_afra_team_ws/build/px4_ros_com': CMAKE_PREFIX_PATH=${CMAKE_PREFIX_PATH}:/home/amin/ros2_ardu_afra_team_ws/install/ardu_afra_team:/home/amin/ros2_ws/install/px4_commander_pkg:/home/amin/ros2_ws/install/drone_formation:/opt/ros/humble /usr/bin/cmake --install /home/amin/ros2_ardu_afra_team_ws/build/px4_ros_com
[1.330s] -- Install configuration: ""
[1.330s] -- Execute custom install script
[1.331s] -- Up-to-date symlink: /home/amin/ros2_ardu_afra_team_ws/install/px4_ros_com/lib/px4_ros_com/sensor_combined_listener
[1.331s] -- Up-to-date symlink: /home/amin/ros2_ardu_afra_team_ws/install/px4_ros_com/lib/px4_ros_com/vehicle_gps_position_listener
[1.332s] -- Up-to-date symlink: /home/amin/ros2_ardu_afra_team_ws/install/px4_ros_com/lib/px4_ros_com/debug_vect_advertiser
[1.332s] -- Up-to-date symlink: /home/amin/ros2_ardu_afra_team_ws/install/px4_ros_com/lib/px4_ros_com/offboard_control
[1.333s] -- Up-to-date symlink: /home/amin/ros2_ardu_afra_team_ws/install/px4_ros_com/lib/px4_ros_com/offboard_control_srv
[1.333s] -- Up-to-date symlink: /home/amin/ros2_ardu_afra_team_ws/install/px4_ros_com/share/px4_ros_com/environment/library_path.sh
[1.334s] -- Up-to-date symlink: /home/amin/ros2_ardu_afra_team_ws/install/px4_ros_com/share/px4_ros_com/environment/library_path.dsv
[1.334s] -- Up-to-date symlink: /home/amin/ros2_ardu_afra_team_ws/install/px4_ros_com/include/px4_ros_com/frame_transforms.h
[1.334s] -- Up-to-date symlink: /home/amin/ros2_ardu_afra_team_ws/install/px4_ros_com/share/px4_ros_com//launch/offboard_control_launch.yaml
[1.335s] -- Up-to-date symlink: /home/amin/ros2_ardu_afra_team_ws/install/px4_ros_com/share/px4_ros_com//launch/sensor_combined_listener.launch.py
[1.335s] -- Up-to-date symlink: /home/amin/ros2_ardu_afra_team_ws/install/px4_ros_com/share/px4_ros_com//test/__init__.py
[1.335s] -- Up-to-date symlink: /home/amin/ros2_ardu_afra_team_ws/install/px4_ros_com/share/px4_ros_com//test/pipeline_io_test.py
[1.336s] -- Up-to-date symlink: /home/amin/ros2_ardu_afra_team_ws/install/px4_ros_com/share/px4_ros_com//test/test_input.py
[1.336s] -- Up-to-date symlink: /home/amin/ros2_ardu_afra_team_ws/install/px4_ros_com/share/px4_ros_com//test/test_output.py
[1.336s] -- Up-to-date symlink: /home/amin/ros2_ardu_afra_team_ws/install/px4_ros_com/share/px4_ros_com/environment/pythonpath.sh
[1.336s] -- Up-to-date symlink: /home/amin/ros2_ardu_afra_team_ws/install/px4_ros_com/share/px4_ros_com/environment/pythonpath.dsv
[1.337s] -- Up-to-date symlink: /home/amin/ros2_ardu_afra_team_ws/install/px4_ros_com/local/lib/python3.10/dist-packages/px4_ros_com-0.1.0-py3.10.egg-info/PKG-INFO
[1.337s] -- Up-to-date symlink: /home/amin/ros2_ardu_afra_team_ws/install/px4_ros_com/local/lib/python3.10/dist-packages/px4_ros_com-0.1.0-py3.10.egg-info/SOURCES.txt
[1.337s] -- Up-to-date symlink: /home/amin/ros2_ardu_afra_team_ws/install/px4_ros_com/local/lib/python3.10/dist-packages/px4_ros_com-0.1.0-py3.10.egg-info/dependency_links.txt
[1.337s] -- Up-to-date symlink: /home/amin/ros2_ardu_afra_team_ws/install/px4_ros_com/local/lib/python3.10/dist-packages/px4_ros_com-0.1.0-py3.10.egg-info/top_level.txt
[1.338s] -- Up-to-date symlink: /home/amin/ros2_ardu_afra_team_ws/install/px4_ros_com/local/lib/python3.10/dist-packages/px4_ros_com/__init__.py
[1.338s] -- Up-to-date symlink: /home/amin/ros2_ardu_afra_team_ws/install/px4_ros_com/local/lib/python3.10/dist-packages/px4_ros_com/module_to_import.py
[1.338s] -- Up-to-date symlink: /home/amin/ros2_ardu_afra_team_ws/install/px4_ros_com/lib/px4_ros_com/offboard_control.py
[1.338s] -- Up-to-date symlink: /home/amin/ros2_ardu_afra_team_ws/install/px4_ros_com/share/ament_index/resource_index/package_run_dependencies/px4_ros_com
[1.339s] -- Up-to-date symlink: /home/amin/ros2_ardu_afra_team_ws/install/px4_ros_com/share/ament_index/resource_index/parent_prefix_path/px4_ros_com
[1.339s] -- Up-to-date symlink: /home/amin/ros2_ardu_afra_team_ws/install/px4_ros_com/share/px4_ros_com/environment/ament_prefix_path.sh
[1.339s] -- Up-to-date symlink: /home/amin/ros2_ardu_afra_team_ws/install/px4_ros_com/share/px4_ros_com/environment/ament_prefix_path.dsv
[1.340s] -- Up-to-date symlink: /home/amin/ros2_ardu_afra_team_ws/install/px4_ros_com/share/px4_ros_com/environment/path.sh
[1.340s] -- Up-to-date symlink: /home/amin/ros2_ardu_afra_team_ws/install/px4_ros_com/share/px4_ros_com/environment/path.dsv
[1.340s] -- Up-to-date symlink: /home/amin/ros2_ardu_afra_team_ws/install/px4_ros_com/share/px4_ros_com/local_setup.bash
[1.340s] -- Up-to-date symlink: /home/amin/ros2_ardu_afra_team_ws/install/px4_ros_com/share/px4_ros_com/local_setup.sh
[1.340s] -- Up-to-date symlink: /home/amin/ros2_ardu_afra_team_ws/install/px4_ros_com/share/px4_ros_com/local_setup.zsh
[1.341s] -- Up-to-date symlink: /home/amin/ros2_ardu_afra_team_ws/install/px4_ros_com/share/px4_ros_com/local_setup.dsv
[1.341s] -- Symlinking: /home/amin/ros2_ardu_afra_team_ws/install/px4_ros_com/share/px4_ros_com/package.dsv
[1.355s] -- Up-to-date symlink: /home/amin/ros2_ardu_afra_team_ws/install/px4_ros_com/share/ament_index/resource_index/packages/px4_ros_com
[1.355s] -- Up-to-date symlink: /home/amin/ros2_ardu_afra_team_ws/install/px4_ros_com/share/px4_ros_com/cmake/ament_cmake_export_dependencies-extras.cmake
[1.355s] -- Up-to-date symlink: /home/amin/ros2_ardu_afra_team_ws/install/px4_ros_com/share/px4_ros_com/cmake/ament_cmake_export_targets-extras.cmake
[1.356s] -- Up-to-date symlink: /home/amin/ros2_ardu_afra_team_ws/install/px4_ros_com/share/px4_ros_com/cmake/ament_cmake_export_include_directories-extras.cmake
[1.356s] -- Up-to-date symlink: /home/amin/ros2_ardu_afra_team_ws/install/px4_ros_com/share/px4_ros_com/cmake/ament_cmake_export_libraries-extras.cmake
[1.356s] -- Up-to-date symlink: /home/amin/ros2_ardu_afra_team_ws/install/px4_ros_com/share/px4_ros_com/cmake/px4_ros_comConfig.cmake
[1.356s] -- Up-to-date symlink: /home/amin/ros2_ardu_afra_team_ws/install/px4_ros_com/share/px4_ros_com/cmake/px4_ros_comConfig-version.cmake
[1.356s] -- Up-to-date symlink: /home/amin/ros2_ardu_afra_team_ws/install/px4_ros_com/share/px4_ros_com/package.xml
[1.357s] -- Up-to-date: /home/amin/ros2_ardu_afra_team_ws/install/px4_ros_com/lib/libframe_transforms.so
[1.420s] Listing '/home/amin/ros2_ardu_afra_team_ws/install/px4_ros_com/local/lib/python3.10/dist-packages/px4_ros_com'...
[1.426s] -- Up-to-date: /home/amin/ros2_ardu_afra_team_ws/install/px4_ros_com/share/px4_ros_com/cmake/export_frame_transformsExport.cmake
[1.426s] -- Up-to-date: /home/amin/ros2_ardu_afra_team_ws/install/px4_ros_com/share/px4_ros_com/cmake/export_frame_transformsExport-noconfig.cmake
[1.429s] Invoked command in '/home/amin/ros2_ardu_afra_team_ws/build/px4_ros_com' returned '0': CMAKE_PREFIX_PATH=${CMAKE_PREFIX_PATH}:/home/amin/ros2_ardu_afra_team_ws/install/ardu_afra_team:/home/amin/ros2_ws/install/px4_commander_pkg:/home/amin/ros2_ws/install/drone_formation:/opt/ros/humble /usr/bin/cmake --install /home/amin/ros2_ardu_afra_team_ws/build/px4_ros_com
