[0.296s] DEBUG:colcon:Command line arguments: ['/usr/bin/colcon', 'list', '-p', '--base-paths', '/home/amin/ros2_ardu_afra_team_ws']
[0.296s] DEBUG:colcon:Parsed command line arguments: Namespace(log_base=None, log_level=None, verb_name='list', build_base='build', ignore_user_meta=False, metas=['./colcon.meta'], base_paths=['/home/amin/ros2_ardu_afra_team_ws'], packages_ignore=None, packages_ignore_regex=None, paths=None, packages_up_to=None, packages_up_to_regex=None, packages_above=None, packages_above_and_dependencies=None, packages_above_depth=None, packages_select_by_dep=None, packages_skip_by_dep=None, packages_skip_up_to=None, packages_select_build_failed=False, packages_skip_build_finished=False, packages_select_test_failures=False, packages_skip_test_passed=False, packages_select=None, packages_skip=None, packages_select_regex=None, packages_skip_regex=None, packages_start=None, packages_end=None, allow_overriding=[], topological_order=False, names_only=False, paths_only=True, topological_graph=False, topological_graph_dot=False, topological_graph_density=False, topological_graph_legend=False, topological_graph_dot_cluster=False, topological_graph_dot_include_skipped=False, verb_parser=<colcon_defaults.argument_parser.defaults.DefaultArgumentsDecorator object at 0x7fac6d81bc40>, verb_extension=<colcon_package_information.verb.list.ListVerb object at 0x7fac6d9b54e0>, main=<bound method ListVerb.main of <colcon_package_information.verb.list.ListVerb object at 0x7fac6d9b54e0>>)
[0.485s] Level 1:colcon.colcon_core.package_discovery:discover_packages(colcon_meta) check parameters
[0.485s] Level 1:colcon.colcon_core.package_discovery:discover_packages(recursive) check parameters
[0.485s] Level 1:colcon.colcon_core.package_discovery:discover_packages(ignore) check parameters
[0.485s] Level 1:colcon.colcon_core.package_discovery:discover_packages(path) check parameters
[0.485s] Level 1:colcon.colcon_core.package_discovery:discover_packages(recursive) discover
[0.485s] INFO:colcon.colcon_core.package_discovery:Crawling recursively for packages in '/home/amin/ros2_ardu_afra_team_ws'
[0.486s] Level 1:colcon.colcon_core.package_identification:_identify(/home/amin/ros2_ardu_afra_team_ws) by extensions ['ignore', 'ignore_ament_install']
[0.486s] Level 1:colcon.colcon_core.package_identification:_identify(/home/amin/ros2_ardu_afra_team_ws) by extension 'ignore'
[0.486s] Level 1:colcon.colcon_core.package_identification:_identify(/home/amin/ros2_ardu_afra_team_ws) by extension 'ignore_ament_install'
[0.486s] Level 1:colcon.colcon_core.package_identification:_identify(/home/amin/ros2_ardu_afra_team_ws) by extensions ['colcon_pkg']
[0.486s] Level 1:colcon.colcon_core.package_identification:_identify(/home/amin/ros2_ardu_afra_team_ws) by extension 'colcon_pkg'
[0.487s] Level 1:colcon.colcon_core.package_identification:_identify(/home/amin/ros2_ardu_afra_team_ws) by extensions ['colcon_meta']
[0.487s] Level 1:colcon.colcon_core.package_identification:_identify(/home/amin/ros2_ardu_afra_team_ws) by extension 'colcon_meta'
[0.487s] Level 1:colcon.colcon_core.package_identification:_identify(/home/amin/ros2_ardu_afra_team_ws) by extensions ['ros']
[0.487s] Level 1:colcon.colcon_core.package_identification:_identify(/home/amin/ros2_ardu_afra_team_ws) by extension 'ros'
[0.560s] Level 1:colcon.colcon_core.package_identification:_identify(/home/amin/ros2_ardu_afra_team_ws) by extensions ['cmake', 'python']
[0.560s] Level 1:colcon.colcon_core.package_identification:_identify(/home/amin/ros2_ardu_afra_team_ws) by extension 'cmake'
[0.561s] Level 1:colcon.colcon_core.package_identification:_identify(/home/amin/ros2_ardu_afra_team_ws) by extension 'python'
[0.561s] Level 1:colcon.colcon_core.package_identification:_identify(/home/amin/ros2_ardu_afra_team_ws) by extensions ['python_setup_py']
[0.561s] Level 1:colcon.colcon_core.package_identification:_identify(/home/amin/ros2_ardu_afra_team_ws) by extension 'python_setup_py'
[0.561s] Level 1:colcon.colcon_core.package_identification:_identify(/home/amin/ros2_ardu_afra_team_ws/build) by extensions ['ignore', 'ignore_ament_install']
[0.561s] Level 1:colcon.colcon_core.package_identification:_identify(/home/amin/ros2_ardu_afra_team_ws/build) by extension 'ignore'
[0.562s] Level 1:colcon.colcon_core.package_identification:_identify(/home/amin/ros2_ardu_afra_team_ws/build) ignored
[0.562s] Level 1:colcon.colcon_core.package_identification:_identify(/home/amin/ros2_ardu_afra_team_ws/install) by extensions ['ignore', 'ignore_ament_install']
[0.562s] Level 1:colcon.colcon_core.package_identification:_identify(/home/amin/ros2_ardu_afra_team_ws/install) by extension 'ignore'
[0.562s] Level 1:colcon.colcon_core.package_identification:_identify(/home/amin/ros2_ardu_afra_team_ws/install) ignored
[0.562s] Level 1:colcon.colcon_core.package_identification:_identify(/home/amin/ros2_ardu_afra_team_ws/log) by extensions ['ignore', 'ignore_ament_install']
[0.563s] Level 1:colcon.colcon_core.package_identification:_identify(/home/amin/ros2_ardu_afra_team_ws/log) by extension 'ignore'
[0.563s] Level 1:colcon.colcon_core.package_identification:_identify(/home/amin/ros2_ardu_afra_team_ws/log) ignored
[0.563s] Level 1:colcon.colcon_core.package_identification:_identify(/home/amin/ros2_ardu_afra_team_ws/src) by extensions ['ignore', 'ignore_ament_install']
[0.563s] Level 1:colcon.colcon_core.package_identification:_identify(/home/amin/ros2_ardu_afra_team_ws/src) by extension 'ignore'
[0.563s] Level 1:colcon.colcon_core.package_identification:_identify(/home/amin/ros2_ardu_afra_team_ws/src) by extension 'ignore_ament_install'
[0.564s] Level 1:colcon.colcon_core.package_identification:_identify(/home/amin/ros2_ardu_afra_team_ws/src) by extensions ['colcon_pkg']
[0.564s] Level 1:colcon.colcon_core.package_identification:_identify(/home/amin/ros2_ardu_afra_team_ws/src) by extension 'colcon_pkg'
[0.564s] Level 1:colcon.colcon_core.package_identification:_identify(/home/amin/ros2_ardu_afra_team_ws/src) by extensions ['colcon_meta']
[0.564s] Level 1:colcon.colcon_core.package_identification:_identify(/home/amin/ros2_ardu_afra_team_ws/src) by extension 'colcon_meta'
[0.564s] Level 1:colcon.colcon_core.package_identification:_identify(/home/amin/ros2_ardu_afra_team_ws/src) by extensions ['ros']
[0.564s] Level 1:colcon.colcon_core.package_identification:_identify(/home/amin/ros2_ardu_afra_team_ws/src) by extension 'ros'
[0.565s] Level 1:colcon.colcon_core.package_identification:_identify(/home/amin/ros2_ardu_afra_team_ws/src) by extensions ['cmake', 'python']
[0.565s] Level 1:colcon.colcon_core.package_identification:_identify(/home/amin/ros2_ardu_afra_team_ws/src) by extension 'cmake'
[0.565s] Level 1:colcon.colcon_core.package_identification:_identify(/home/amin/ros2_ardu_afra_team_ws/src) by extension 'python'
[0.565s] Level 1:colcon.colcon_core.package_identification:_identify(/home/amin/ros2_ardu_afra_team_ws/src) by extensions ['python_setup_py']
[0.565s] Level 1:colcon.colcon_core.package_identification:_identify(/home/amin/ros2_ardu_afra_team_ws/src) by extension 'python_setup_py'
[0.565s] Level 1:colcon.colcon_core.package_identification:_identify(/home/amin/ros2_ardu_afra_team_ws/src/ardu_afra_team) by extensions ['ignore', 'ignore_ament_install']
[0.565s] Level 1:colcon.colcon_core.package_identification:_identify(/home/amin/ros2_ardu_afra_team_ws/src/ardu_afra_team) by extension 'ignore'
[0.565s] Level 1:colcon.colcon_core.package_identification:_identify(/home/amin/ros2_ardu_afra_team_ws/src/ardu_afra_team) by extension 'ignore_ament_install'
[0.566s] Level 1:colcon.colcon_core.package_identification:_identify(/home/amin/ros2_ardu_afra_team_ws/src/ardu_afra_team) by extensions ['colcon_pkg']
[0.566s] Level 1:colcon.colcon_core.package_identification:_identify(/home/amin/ros2_ardu_afra_team_ws/src/ardu_afra_team) by extension 'colcon_pkg'
[0.566s] Level 1:colcon.colcon_core.package_identification:_identify(/home/amin/ros2_ardu_afra_team_ws/src/ardu_afra_team) by extensions ['colcon_meta']
[0.566s] Level 1:colcon.colcon_core.package_identification:_identify(/home/amin/ros2_ardu_afra_team_ws/src/ardu_afra_team) by extension 'colcon_meta'
[0.566s] Level 1:colcon.colcon_core.package_identification:_identify(/home/amin/ros2_ardu_afra_team_ws/src/ardu_afra_team) by extensions ['ros']
[0.566s] Level 1:colcon.colcon_core.package_identification:_identify(/home/amin/ros2_ardu_afra_team_ws/src/ardu_afra_team) by extension 'ros'
[0.572s] DEBUG:colcon.colcon_core.package_identification:Package '/home/amin/ros2_ardu_afra_team_ws/src/ardu_afra_team' with type 'ros.ament_python' and name 'ardu_afra_team'
[0.572s] Level 1:colcon.colcon_core.package_discovery:discover_packages(recursive) using defaults
