running egg_info
creating ../../build/ardu_afra_team/ardu_afra_team.egg-info
writing ../../build/ardu_afra_team/ardu_afra_team.egg-info/PKG-INFO
writing dependency_links to ../../build/ardu_afra_team/ardu_afra_team.egg-info/dependency_links.txt
writing entry points to ../../build/ardu_afra_team/ardu_afra_team.egg-info/entry_points.txt
writing requirements to ../../build/ardu_afra_team/ardu_afra_team.egg-info/requires.txt
writing top-level names to ../../build/ardu_afra_team/ardu_afra_team.egg-info/top_level.txt
writing manifest file '../../build/ardu_afra_team/ardu_afra_team.egg-info/SOURCES.txt'
reading manifest file '../../build/ardu_afra_team/ardu_afra_team.egg-info/SOURCES.txt'
writing manifest file '../../build/ardu_afra_team/ardu_afra_team.egg-info/SOURCES.txt'
running build
running build_py
creating /home/amin/ros2_ardu_afra_team_ws/build/ardu_afra_team/build/lib/ardu_afra_team
copying ardu_afra_team/shape_control_node.py -> /home/amin/ros2_ardu_afra_team_ws/build/ardu_afra_team/build/lib/ardu_afra_team
copying ardu_afra_team/__init__.py -> /home/amin/ros2_ardu_afra_team_ws/build/ardu_afra_team/build/lib/ardu_afra_team
copying ardu_afra_team/formation_node.py -> /home/amin/ros2_ardu_afra_team_ws/build/ardu_afra_team/build/lib/ardu_afra_team
copying ardu_afra_team/menu_node.py -> /home/amin/ros2_ardu_afra_team_ws/build/ardu_afra_team/build/lib/ardu_afra_team
copying ardu_afra_team/movment_control_node.py -> /home/amin/ros2_ardu_afra_team_ws/build/ardu_afra_team/build/lib/ardu_afra_team
copying ardu_afra_team/control.py -> /home/amin/ros2_ardu_afra_team_ws/build/ardu_afra_team/build/lib/ardu_afra_team
running install
running install_lib
creating /home/amin/ros2_ardu_afra_team_ws/install/ardu_afra_team/lib/python3.10/site-packages/ardu_afra_team
copying /home/amin/ros2_ardu_afra_team_ws/build/ardu_afra_team/build/lib/ardu_afra_team/shape_control_node.py -> /home/amin/ros2_ardu_afra_team_ws/install/ardu_afra_team/lib/python3.10/site-packages/ardu_afra_team
copying /home/amin/ros2_ardu_afra_team_ws/build/ardu_afra_team/build/lib/ardu_afra_team/__init__.py -> /home/amin/ros2_ardu_afra_team_ws/install/ardu_afra_team/lib/python3.10/site-packages/ardu_afra_team
copying /home/amin/ros2_ardu_afra_team_ws/build/ardu_afra_team/build/lib/ardu_afra_team/formation_node.py -> /home/amin/ros2_ardu_afra_team_ws/install/ardu_afra_team/lib/python3.10/site-packages/ardu_afra_team
copying /home/amin/ros2_ardu_afra_team_ws/build/ardu_afra_team/build/lib/ardu_afra_team/menu_node.py -> /home/amin/ros2_ardu_afra_team_ws/install/ardu_afra_team/lib/python3.10/site-packages/ardu_afra_team
copying /home/amin/ros2_ardu_afra_team_ws/build/ardu_afra_team/build/lib/ardu_afra_team/movment_control_node.py -> /home/amin/ros2_ardu_afra_team_ws/install/ardu_afra_team/lib/python3.10/site-packages/ardu_afra_team
copying /home/amin/ros2_ardu_afra_team_ws/build/ardu_afra_team/build/lib/ardu_afra_team/control.py -> /home/amin/ros2_ardu_afra_team_ws/install/ardu_afra_team/lib/python3.10/site-packages/ardu_afra_team
byte-compiling /home/amin/ros2_ardu_afra_team_ws/install/ardu_afra_team/lib/python3.10/site-packages/ardu_afra_team/shape_control_node.py to shape_control_node.cpython-310.pyc
byte-compiling /home/amin/ros2_ardu_afra_team_ws/install/ardu_afra_team/lib/python3.10/site-packages/ardu_afra_team/__init__.py to __init__.cpython-310.pyc
byte-compiling /home/amin/ros2_ardu_afra_team_ws/install/ardu_afra_team/lib/python3.10/site-packages/ardu_afra_team/formation_node.py to formation_node.cpython-310.pyc
byte-compiling /home/amin/ros2_ardu_afra_team_ws/install/ardu_afra_team/lib/python3.10/site-packages/ardu_afra_team/menu_node.py to menu_node.cpython-310.pyc
byte-compiling /home/amin/ros2_ardu_afra_team_ws/install/ardu_afra_team/lib/python3.10/site-packages/ardu_afra_team/movment_control_node.py to movment_control_node.cpython-310.pyc
byte-compiling /home/amin/ros2_ardu_afra_team_ws/install/ardu_afra_team/lib/python3.10/site-packages/ardu_afra_team/control.py to control.cpython-310.pyc
running install_data
creating /home/amin/ros2_ardu_afra_team_ws/install/ardu_afra_team/share/ament_index/resource_index/packages
copying resource/ardu_afra_team -> /home/amin/ros2_ardu_afra_team_ws/install/ardu_afra_team/share/ament_index/resource_index/packages
copying package.xml -> /home/amin/ros2_ardu_afra_team_ws/install/ardu_afra_team/share/ardu_afra_team
creating /home/amin/ros2_ardu_afra_team_ws/install/ardu_afra_team/share/ardu_afra_team/launch
copying launch/spawn_drones.launch.py -> /home/amin/ros2_ardu_afra_team_ws/install/ardu_afra_team/share/ardu_afra_team/launch
running install_egg_info
Copying ../../build/ardu_afra_team/ardu_afra_team.egg-info to /home/amin/ros2_ardu_afra_team_ws/install/ardu_afra_team/lib/python3.10/site-packages/ardu_afra_team-0.0.0-py3.10.egg-info
running install_scripts
Installing control script to /home/amin/ros2_ardu_afra_team_ws/install/ardu_afra_team/lib/ardu_afra_team
Installing formation_node script to /home/amin/ros2_ardu_afra_team_ws/install/ardu_afra_team/lib/ardu_afra_team
Installing menu_node script to /home/amin/ros2_ardu_afra_team_ws/install/ardu_afra_team/lib/ardu_afra_team
Installing movment_control_node script to /home/amin/ros2_ardu_afra_team_ws/install/ardu_afra_team/lib/ardu_afra_team
Installing shape_control_node script to /home/amin/ros2_ardu_afra_team_ws/install/ardu_afra_team/lib/ardu_afra_team
writing list of installed files to '/home/amin/ros2_ardu_afra_team_ws/build/ardu_afra_team/install.log'
