[0.425s] Invoking command in '/home/amin/ros2_ardu_afra_team_ws/build/px4_ros_com': CMAKE_PREFIX_PATH=${CMAKE_PREFIX_PATH}:/home/amin/ros2_ws/install/px4_commander_pkg:/home/amin/ros2_ws/install/drone_formation:/opt/ros/humble /usr/bin/cmake /home/amin/ros2_ardu_afra_team_ws/src/px4_ros_com -DAMENT_CMAKE_SYMLINK_INSTALL=1 -DCMAKE_INSTALL_PREFIX=/home/amin/ros2_ardu_afra_team_ws/install/px4_ros_com
[0.622s] -- The C compiler identification is GNU 11.4.0
[0.793s] -- The CXX compiler identification is GNU 11.4.0
[0.820s] -- Detecting C compiler ABI info
[0.930s] -- Detecting C compiler ABI info - done
[0.943s] -- Check for working C compiler: /usr/lib/ccache/cc - skipped
[0.946s] -- Detecting C compile features
[0.958s] -- Detecting C compile features - done
[0.963s] -- Detecting CXX compiler ABI info
[1.084s] -- Detecting CXX compiler ABI info - done
[1.097s] -- Check for working CXX compiler: /usr/lib/ccache/c++ - skipped
[1.097s] -- Detecting CXX compile features
[1.098s] -- Detecting CXX compile features - done
[1.126s] -- Found ament_cmake: 1.3.11 (/opt/ros/humble/share/ament_cmake/cmake)
[1.837s] -- Found Python3: /usr/bin/python3 (found version "3.10.12") found components: Interpreter 
[1.960s] -- Override CMake install command with custom implementation using symlinks instead of copying resources
[2.032s] -- Found builtin_interfaces: 1.2.1 (/opt/ros/humble/share/builtin_interfaces/cmake)
[2.118s] -- Found rosidl_generator_c: 3.1.6 (/opt/ros/humble/share/rosidl_generator_c/cmake)
[2.133s] -- Found rosidl_adapter: 3.1.6 (/opt/ros/humble/share/rosidl_adapter/cmake)
[2.155s] -- Found rosidl_generator_cpp: 3.1.6 (/opt/ros/humble/share/rosidl_generator_cpp/cmake)
[2.190s] -- Using all available rosidl_typesupport_c: rosidl_typesupport_fastrtps_c;rosidl_typesupport_introspection_c
[2.230s] -- Using all available rosidl_typesupport_cpp: rosidl_typesupport_fastrtps_cpp;rosidl_typesupport_introspection_cpp
[2.267s] -- Found eigen3_cmake_module: 0.1.1 (/opt/ros/humble/share/eigen3_cmake_module/cmake)
[2.288s] -- Found Eigen3: TRUE (found version "3.4.0") 
[2.292s] -- Found geometry_msgs: 4.8.0 (/opt/ros/humble/share/geometry_msgs/cmake)
[2.356s] -- Found px4_msgs: 2.0.1 (/home/amin/ros2_ws/install/px4_msgs/share/px4_msgs/cmake)
[2.390s] -- Found rclcpp: 16.0.12 (/opt/ros/humble/share/rclcpp/cmake)
[2.486s] -- Found rmw_implementation_cmake: 6.1.2 (/opt/ros/humble/share/rmw_implementation_cmake/cmake)
[2.494s] -- Found rmw_fastrtps_cpp: 6.2.7 (/opt/ros/humble/share/rmw_fastrtps_cpp/cmake)
[2.653s] -- Found OpenSSL: /usr/lib/x86_64-linux-gnu/libcrypto.so (found version "3.0.2")  
[2.704s] -- Found FastRTPS: /opt/ros/humble/include  
[2.770s] -- Using RMW implementation 'rmw_fastrtps_cpp' as default
[2.806s] -- Looking for pthread.h
[2.935s] -- Looking for pthread.h - found
[2.935s] -- Performing Test CMAKE_HAVE_LIBC_PTHREAD
[3.055s] -- Performing Test CMAKE_HAVE_LIBC_PTHREAD - Success
[3.059s] -- Found Threads: TRUE  
[3.344s] -- Found sensor_msgs: 4.8.0 (/opt/ros/humble/share/sensor_msgs/cmake)
[3.410s] -- Found rclpy: 3.3.16 (/opt/ros/humble/share/rclpy/cmake)
[3.445s] -- Found ament_lint_auto: 0.12.12 (/opt/ros/humble/share/ament_lint_auto/cmake)
[3.765s] -- Added test 'copyright' to check source files copyright and LICENSE
[3.782s] -- Added test 'cppcheck' to perform static code analysis on C / C++ code
[3.784s] -- Configured cppcheck include dirs: /home/amin/ros2_ardu_afra_team_ws/src/px4_ros_com/include;$<BUILD_INTERFACE:/home/amin/ros2_ardu_afra_team_ws/src/px4_ros_com/include/px4_ros_com>
[3.784s] -- Configured cppcheck exclude dirs and/or files: 
[3.798s] -- Added test 'cpplint' to check C / C++ code against the Google style
[3.798s] -- Configured cpplint exclude dirs and/or files: 
[3.804s] -- Added test 'flake8' to check Python code syntax and style conventions
[3.810s] -- Added test 'lint_cmake' to check CMake code style
[3.814s] -- Added test 'pep257' to check Python code against some of the docstring style conventions in PEP 257
[3.826s] -- Added test 'uncrustify' to check C / C++ code style
[3.826s] -- Configured uncrustify additional arguments: 
[3.832s] -- Added test 'xmllint' to check XML markup files
[3.840s] -- Configuring done
[3.890s] -- Generating done
[3.904s] -- Build files have been written to: /home/amin/ros2_ardu_afra_team_ws/build/px4_ros_com
[3.920s] Invoked command in '/home/amin/ros2_ardu_afra_team_ws/build/px4_ros_com' returned '0': CMAKE_PREFIX_PATH=${CMAKE_PREFIX_PATH}:/home/amin/ros2_ws/install/px4_commander_pkg:/home/amin/ros2_ws/install/drone_formation:/opt/ros/humble /usr/bin/cmake /home/amin/ros2_ardu_afra_team_ws/src/px4_ros_com -DAMENT_CMAKE_SYMLINK_INSTALL=1 -DCMAKE_INSTALL_PREFIX=/home/amin/ros2_ardu_afra_team_ws/install/px4_ros_com
[3.926s] Invoking command in '/home/amin/ros2_ardu_afra_team_ws/build/px4_ros_com': CMAKE_PREFIX_PATH=${CMAKE_PREFIX_PATH}:/home/amin/ros2_ws/install/px4_commander_pkg:/home/amin/ros2_ws/install/drone_formation:/opt/ros/humble /usr/bin/cmake --build /home/amin/ros2_ardu_afra_team_ws/build/px4_ros_com -- -j8 -l8
[4.016s] [  8%] [32mBuilding CXX object CMakeFiles/debug_vect_advertiser.dir/src/examples/advertisers/debug_vect_advertiser.cpp.o[0m
[4.021s] [ 16%] [32mBuilding CXX object CMakeFiles/frame_transforms.dir/src/lib/frame_transforms.cpp.o[0m
[4.022s] [ 25%] [32mBuilding CXX object CMakeFiles/sensor_combined_listener.dir/src/examples/listeners/sensor_combined_listener.cpp.o[0m
[4.022s] [ 33%] [32mBuilding CXX object CMakeFiles/offboard_control_srv.dir/src/examples/offboard/offboard_control_srv.cpp.o[0m
[4.022s] [ 41%] [32mBuilding CXX object CMakeFiles/offboard_control.dir/src/examples/offboard/offboard_control.cpp.o[0m
[4.026s] [ 50%] [32mBuilding CXX object CMakeFiles/vehicle_gps_position_listener.dir/src/examples/listeners/vehicle_gps_position_listener.cpp.o[0m
[4.038s] [ 50%] Built target ament_cmake_python_symlink_px4_ros_com
[4.266s] [ 58%] [32m[1mLinking CXX shared library libframe_transforms.so[0m
[4.730s] running egg_info
[4.776s] creating px4_ros_com.egg-info
[4.776s] writing px4_ros_com.egg-info/PKG-INFO
[4.777s] writing dependency_links to px4_ros_com.egg-info/dependency_links.txt
[4.777s] writing top-level names to px4_ros_com.egg-info/top_level.txt
[4.778s] writing manifest file 'px4_ros_com.egg-info/SOURCES.txt'
[4.797s] [ 58%] Built target frame_transforms
[4.957s] reading manifest file 'px4_ros_com.egg-info/SOURCES.txt'
[4.959s] writing manifest file 'px4_ros_com.egg-info/SOURCES.txt'
[5.035s] [ 58%] Built target ament_cmake_python_build_px4_ros_com_egg
[27.166s] [ 66%] [32m[1mLinking CXX executable debug_vect_advertiser[0m
[27.183s] [ 75%] [32m[1mLinking CXX executable offboard_control_srv[0m
[27.184s] [ 83%] [32m[1mLinking CXX executable offboard_control[0m
[27.191s] [ 91%] [32m[1mLinking CXX executable sensor_combined_listener[0m
[27.596s] [100%] [32m[1mLinking CXX executable vehicle_gps_position_listener[0m
[27.747s] [100%] Built target debug_vect_advertiser
[27.845s] [100%] Built target offboard_control
[27.921s] [100%] Built target offboard_control_srv
[28.157s] [100%] Built target sensor_combined_listener
[28.258s] [100%] Built target vehicle_gps_position_listener
[28.274s] Invoked command in '/home/amin/ros2_ardu_afra_team_ws/build/px4_ros_com' returned '0': CMAKE_PREFIX_PATH=${CMAKE_PREFIX_PATH}:/home/amin/ros2_ws/install/px4_commander_pkg:/home/amin/ros2_ws/install/drone_formation:/opt/ros/humble /usr/bin/cmake --build /home/amin/ros2_ardu_afra_team_ws/build/px4_ros_com -- -j8 -l8
[28.288s] Invoking command in '/home/amin/ros2_ardu_afra_team_ws/build/px4_ros_com': CMAKE_PREFIX_PATH=${CMAKE_PREFIX_PATH}:/home/amin/ros2_ws/install/px4_commander_pkg:/home/amin/ros2_ws/install/drone_formation:/opt/ros/humble /usr/bin/cmake --install /home/amin/ros2_ardu_afra_team_ws/build/px4_ros_com
[28.298s] -- Install configuration: ""
[28.299s] -- Execute custom install script
[28.300s] -- Symlinking: /home/amin/ros2_ardu_afra_team_ws/install/px4_ros_com/lib/px4_ros_com/sensor_combined_listener
[28.313s] -- Symlinking: /home/amin/ros2_ardu_afra_team_ws/install/px4_ros_com/lib/px4_ros_com/vehicle_gps_position_listener
[28.326s] -- Symlinking: /home/amin/ros2_ardu_afra_team_ws/install/px4_ros_com/lib/px4_ros_com/debug_vect_advertiser
[28.338s] -- Symlinking: /home/amin/ros2_ardu_afra_team_ws/install/px4_ros_com/lib/px4_ros_com/offboard_control
[28.350s] -- Symlinking: /home/amin/ros2_ardu_afra_team_ws/install/px4_ros_com/lib/px4_ros_com/offboard_control_srv
[28.366s] -- Symlinking: /home/amin/ros2_ardu_afra_team_ws/install/px4_ros_com/share/px4_ros_com/environment/library_path.sh
[28.379s] -- Symlinking: /home/amin/ros2_ardu_afra_team_ws/install/px4_ros_com/share/px4_ros_com/environment/library_path.dsv
[28.392s] -- Symlinking: /home/amin/ros2_ardu_afra_team_ws/install/px4_ros_com/include/px4_ros_com/frame_transforms.h
[28.405s] -- Symlinking: /home/amin/ros2_ardu_afra_team_ws/install/px4_ros_com/share/px4_ros_com//launch/offboard_control_launch.yaml
[28.423s] -- Symlinking: /home/amin/ros2_ardu_afra_team_ws/install/px4_ros_com/share/px4_ros_com//launch/sensor_combined_listener.launch.py
[28.436s] -- Symlinking: /home/amin/ros2_ardu_afra_team_ws/install/px4_ros_com/share/px4_ros_com//test/__init__.py
[28.448s] -- Symlinking: /home/amin/ros2_ardu_afra_team_ws/install/px4_ros_com/share/px4_ros_com//test/pipeline_io_test.py
[28.460s] -- Symlinking: /home/amin/ros2_ardu_afra_team_ws/install/px4_ros_com/share/px4_ros_com//test/test_input.py
[28.471s] -- Symlinking: /home/amin/ros2_ardu_afra_team_ws/install/px4_ros_com/share/px4_ros_com//test/test_output.py
[28.484s] -- Symlinking: /home/amin/ros2_ardu_afra_team_ws/install/px4_ros_com/share/px4_ros_com/environment/pythonpath.sh
[28.496s] -- Symlinking: /home/amin/ros2_ardu_afra_team_ws/install/px4_ros_com/share/px4_ros_com/environment/pythonpath.dsv
[28.509s] -- Symlinking: /home/amin/ros2_ardu_afra_team_ws/install/px4_ros_com/local/lib/python3.10/dist-packages/px4_ros_com-0.1.0-py3.10.egg-info/PKG-INFO
[28.524s] -- Symlinking: /home/amin/ros2_ardu_afra_team_ws/install/px4_ros_com/local/lib/python3.10/dist-packages/px4_ros_com-0.1.0-py3.10.egg-info/SOURCES.txt
[28.536s] -- Symlinking: /home/amin/ros2_ardu_afra_team_ws/install/px4_ros_com/local/lib/python3.10/dist-packages/px4_ros_com-0.1.0-py3.10.egg-info/dependency_links.txt
[28.549s] -- Symlinking: /home/amin/ros2_ardu_afra_team_ws/install/px4_ros_com/local/lib/python3.10/dist-packages/px4_ros_com-0.1.0-py3.10.egg-info/top_level.txt
[28.561s] -- Symlinking: /home/amin/ros2_ardu_afra_team_ws/install/px4_ros_com/local/lib/python3.10/dist-packages/px4_ros_com/__init__.py
[28.573s] -- Symlinking: /home/amin/ros2_ardu_afra_team_ws/install/px4_ros_com/local/lib/python3.10/dist-packages/px4_ros_com/module_to_import.py
[28.585s] -- Symlinking: /home/amin/ros2_ardu_afra_team_ws/install/px4_ros_com/lib/px4_ros_com/offboard_control.py
[28.598s] -- Symlinking: /home/amin/ros2_ardu_afra_team_ws/install/px4_ros_com/share/ament_index/resource_index/package_run_dependencies/px4_ros_com
[28.610s] -- Symlinking: /home/amin/ros2_ardu_afra_team_ws/install/px4_ros_com/share/ament_index/resource_index/parent_prefix_path/px4_ros_com
[28.623s] -- Symlinking: /home/amin/ros2_ardu_afra_team_ws/install/px4_ros_com/share/px4_ros_com/environment/ament_prefix_path.sh
[28.635s] -- Symlinking: /home/amin/ros2_ardu_afra_team_ws/install/px4_ros_com/share/px4_ros_com/environment/ament_prefix_path.dsv
[28.648s] -- Symlinking: /home/amin/ros2_ardu_afra_team_ws/install/px4_ros_com/share/px4_ros_com/environment/path.sh
[28.663s] -- Symlinking: /home/amin/ros2_ardu_afra_team_ws/install/px4_ros_com/share/px4_ros_com/environment/path.dsv
[28.677s] -- Symlinking: /home/amin/ros2_ardu_afra_team_ws/install/px4_ros_com/share/px4_ros_com/local_setup.bash
[28.692s] -- Symlinking: /home/amin/ros2_ardu_afra_team_ws/install/px4_ros_com/share/px4_ros_com/local_setup.sh
[28.706s] -- Symlinking: /home/amin/ros2_ardu_afra_team_ws/install/px4_ros_com/share/px4_ros_com/local_setup.zsh
[28.721s] -- Symlinking: /home/amin/ros2_ardu_afra_team_ws/install/px4_ros_com/share/px4_ros_com/local_setup.dsv
[28.734s] -- Symlinking: /home/amin/ros2_ardu_afra_team_ws/install/px4_ros_com/share/px4_ros_com/package.dsv
[28.905s] -- Symlinking: /home/amin/ros2_ardu_afra_team_ws/install/px4_ros_com/share/ament_index/resource_index/packages/px4_ros_com
[28.920s] -- Symlinking: /home/amin/ros2_ardu_afra_team_ws/install/px4_ros_com/share/px4_ros_com/cmake/ament_cmake_export_dependencies-extras.cmake
[28.935s] -- Symlinking: /home/amin/ros2_ardu_afra_team_ws/install/px4_ros_com/share/px4_ros_com/cmake/ament_cmake_export_targets-extras.cmake
[28.949s] -- Symlinking: /home/amin/ros2_ardu_afra_team_ws/install/px4_ros_com/share/px4_ros_com/cmake/ament_cmake_export_include_directories-extras.cmake
[28.964s] -- Symlinking: /home/amin/ros2_ardu_afra_team_ws/install/px4_ros_com/share/px4_ros_com/cmake/ament_cmake_export_libraries-extras.cmake
[28.978s] -- Symlinking: /home/amin/ros2_ardu_afra_team_ws/install/px4_ros_com/share/px4_ros_com/cmake/px4_ros_comConfig.cmake
[28.991s] -- Symlinking: /home/amin/ros2_ardu_afra_team_ws/install/px4_ros_com/share/px4_ros_com/cmake/px4_ros_comConfig-version.cmake
[29.004s] -- Symlinking: /home/amin/ros2_ardu_afra_team_ws/install/px4_ros_com/share/px4_ros_com/package.xml
[29.017s] -- Installing: /home/amin/ros2_ardu_afra_team_ws/install/px4_ros_com/lib/libframe_transforms.so
[29.022s] -- Set runtime path of "/home/amin/ros2_ardu_afra_team_ws/install/px4_ros_com/lib/libframe_transforms.so" to ""
[29.083s] Listing '/home/amin/ros2_ardu_afra_team_ws/install/px4_ros_com/local/lib/python3.10/dist-packages/px4_ros_com'...
[29.083s] Compiling '/home/amin/ros2_ardu_afra_team_ws/install/px4_ros_com/local/lib/python3.10/dist-packages/px4_ros_com/__init__.py'...
[29.083s] Compiling '/home/amin/ros2_ardu_afra_team_ws/install/px4_ros_com/local/lib/python3.10/dist-packages/px4_ros_com/module_to_import.py'...
[29.089s] -- Installing: /home/amin/ros2_ardu_afra_team_ws/install/px4_ros_com/share/px4_ros_com/cmake/export_frame_transformsExport.cmake
[29.089s] -- Installing: /home/amin/ros2_ardu_afra_team_ws/install/px4_ros_com/share/px4_ros_com/cmake/export_frame_transformsExport-noconfig.cmake
[29.092s] Invoked command in '/home/amin/ros2_ardu_afra_team_ws/build/px4_ros_com' returned '0': CMAKE_PREFIX_PATH=${CMAKE_PREFIX_PATH}:/home/amin/ros2_ws/install/px4_commander_pkg:/home/amin/ros2_ws/install/drone_formation:/opt/ros/humble /usr/bin/cmake --install /home/amin/ros2_ardu_afra_team_ws/build/px4_ros_com
