running egg_info
writing ../../build/ardu_afra_team/ardu_afra_team.egg-info/PKG-INFO
writing dependency_links to ../../build/ardu_afra_team/ardu_afra_team.egg-info/dependency_links.txt
writing entry points to ../../build/ardu_afra_team/ardu_afra_team.egg-info/entry_points.txt
writing requirements to ../../build/ardu_afra_team/ardu_afra_team.egg-info/requires.txt
writing top-level names to ../../build/ardu_afra_team/ardu_afra_team.egg-info/top_level.txt
reading manifest file '../../build/ardu_afra_team/ardu_afra_team.egg-info/SOURCES.txt'
writing manifest file '../../build/ardu_afra_team/ardu_afra_team.egg-info/SOURCES.txt'
running build
running build_py
copying ardu_afra_team/shape_control_node.py -> /home/amin/ros2_ardu_afra_team_ws/build/ardu_afra_team/build/lib/ardu_afra_team
copying ardu_afra_team/__init__.py -> /home/amin/ros2_ardu_afra_team_ws/build/ardu_afra_team/build/lib/ardu_afra_team
copying ardu_afra_team/menu_node.py -> /home/amin/ros2_ardu_afra_team_ws/build/ardu_afra_team/build/lib/ardu_afra_team
copying ardu_afra_team/movment_control_node.py -> /home/amin/ros2_ardu_afra_team_ws/build/ardu_afra_team/build/lib/ardu_afra_team
copying ardu_afra_team/control.py -> /home/amin/ros2_ardu_afra_team_ws/build/ardu_afra_team/build/lib/ardu_afra_team
running install
running install_lib
running install_data
copying resource/ardu_afra_team -> /home/amin/ros2_ardu_afra_team_ws/install/ardu_afra_team/share/ament_index/resource_index/packages
copying package.xml -> /home/amin/ros2_ardu_afra_team_ws/install/ardu_afra_team/share/ardu_afra_team
