[0.421s] Invoking command in '/home/amin/ros2_ardu_afra_team_ws/build/px4_ros_com': CMAKE_PREFIX_PATH=${CMAKE_PREFIX_PATH}:/home/amin/ros2_ardu_afra_team_ws/install/ardu_afra_team:/home/amin/ros2_ws/install/px4_commander_pkg:/home/amin/ros2_ws/install/drone_formation:/opt/ros/humble /usr/bin/cmake /home/amin/ros2_ardu_afra_team_ws/src/px4_ros_com -DCMAKE_INSTALL_PREFIX=/home/amin/ros2_ardu_afra_team_ws/install/px4_ros_com
[0.495s] -- Found ament_cmake: 1.3.11 (/opt/ros/humble/share/ament_cmake/cmake)
[0.707s] -- Override CMake install command with custom implementation using symlinks instead of copying resources
[0.737s] -- Found builtin_interfaces: 1.2.1 (/opt/ros/humble/share/builtin_interfaces/cmake)
[0.795s] -- Found rosidl_generator_c: 3.1.6 (/opt/ros/humble/share/rosidl_generator_c/cmake)
[0.802s] -- Found rosidl_adapter: 3.1.6 (/opt/ros/humble/share/rosidl_adapter/cmake)
[0.816s] -- Found rosidl_generator_cpp: 3.1.6 (/opt/ros/humble/share/rosidl_generator_cpp/cmake)
[0.838s] -- Using all available rosidl_typesupport_c: rosidl_typesupport_fastrtps_c;rosidl_typesupport_introspection_c
[0.868s] -- Using all available rosidl_typesupport_cpp: rosidl_typesupport_fastrtps_cpp;rosidl_typesupport_introspection_cpp
[0.894s] -- Found eigen3_cmake_module: 0.1.1 (/opt/ros/humble/share/eigen3_cmake_module/cmake)
[0.941s] -- Found geometry_msgs: 4.8.0 (/opt/ros/humble/share/geometry_msgs/cmake)
[1.012s] -- Found px4_msgs: 2.0.1 (/home/amin/ros2_ws/install/px4_msgs/share/px4_msgs/cmake)
[1.043s] -- Found rclcpp: 16.0.12 (/opt/ros/humble/share/rclcpp/cmake)
[1.113s] -- Found rmw_implementation_cmake: 6.1.2 (/opt/ros/humble/share/rmw_implementation_cmake/cmake)
[1.118s] -- Found rmw_fastrtps_cpp: 6.2.7 (/opt/ros/humble/share/rmw_fastrtps_cpp/cmake)
[1.309s] -- Using RMW implementation 'rmw_fastrtps_cpp' as default
[1.395s] -- Found sensor_msgs: 4.8.0 (/opt/ros/humble/share/sensor_msgs/cmake)
[1.426s] -- Found rclpy: 3.3.16 (/opt/ros/humble/share/rclpy/cmake)
[1.456s] -- Found ament_lint_auto: 0.12.12 (/opt/ros/humble/share/ament_lint_auto/cmake)
[1.684s] -- Added test 'copyright' to check source files copyright and LICENSE
[1.691s] -- Added test 'cppcheck' to perform static code analysis on C / C++ code
[1.692s] -- Configured cppcheck include dirs: /home/amin/ros2_ardu_afra_team_ws/src/px4_ros_com/include;$<BUILD_INTERFACE:/home/amin/ros2_ardu_afra_team_ws/src/px4_ros_com/include/px4_ros_com>
[1.692s] -- Configured cppcheck exclude dirs and/or files: 
[1.698s] -- Added test 'cpplint' to check C / C++ code against the Google style
[1.698s] -- Configured cpplint exclude dirs and/or files: 
[1.699s] -- Added test 'flake8' to check Python code syntax and style conventions
[1.705s] -- Added test 'lint_cmake' to check CMake code style
[1.707s] -- Added test 'pep257' to check Python code against some of the docstring style conventions in PEP 257
[1.713s] -- Added test 'uncrustify' to check C / C++ code style
[1.713s] -- Configured uncrustify additional arguments: 
[1.714s] -- Added test 'xmllint' to check XML markup files
[1.720s] -- Configuring done
[1.768s] -- Generating done
[1.784s] -- Build files have been written to: /home/amin/ros2_ardu_afra_team_ws/build/px4_ros_com
[1.800s] Invoked command in '/home/amin/ros2_ardu_afra_team_ws/build/px4_ros_com' returned '0': CMAKE_PREFIX_PATH=${CMAKE_PREFIX_PATH}:/home/amin/ros2_ardu_afra_team_ws/install/ardu_afra_team:/home/amin/ros2_ws/install/px4_commander_pkg:/home/amin/ros2_ws/install/drone_formation:/opt/ros/humble /usr/bin/cmake /home/amin/ros2_ardu_afra_team_ws/src/px4_ros_com -DCMAKE_INSTALL_PREFIX=/home/amin/ros2_ardu_afra_team_ws/install/px4_ros_com
[1.803s] Invoking command in '/home/amin/ros2_ardu_afra_team_ws/build/px4_ros_com': CMAKE_PREFIX_PATH=${CMAKE_PREFIX_PATH}:/home/amin/ros2_ardu_afra_team_ws/install/ardu_afra_team:/home/amin/ros2_ws/install/px4_commander_pkg:/home/amin/ros2_ws/install/drone_formation:/opt/ros/humble /usr/bin/cmake --build /home/amin/ros2_ardu_afra_team_ws/build/px4_ros_com -- -j8 -l8
[1.874s] [35m[1mConsolidate compiler generated dependencies of target frame_transforms[0m
[1.878s] [35m[1mConsolidate compiler generated dependencies of target debug_vect_advertiser[0m
[1.878s] [35m[1mConsolidate compiler generated dependencies of target vehicle_gps_position_listener[0m
[1.879s] [35m[1mConsolidate compiler generated dependencies of target sensor_combined_listener[0m
[1.879s] [35m[1mConsolidate compiler generated dependencies of target offboard_control[0m
[1.879s] [35m[1mConsolidate compiler generated dependencies of target offboard_control_srv[0m
[1.911s] [ 16%] Built target frame_transforms
[1.912s] [ 33%] Built target debug_vect_advertiser
[1.916s] [ 66%] Built target vehicle_gps_position_listener
[1.916s] [ 66%] Built target offboard_control
[1.916s] [ 83%] Built target sensor_combined_listener
[1.916s] [100%] Built target offboard_control_srv
[2.006s] [100%] Built target ament_cmake_python_symlink_px4_ros_com
[2.436s] running egg_info
[2.475s] writing px4_ros_com.egg-info/PKG-INFO
[2.476s] writing dependency_links to px4_ros_com.egg-info/dependency_links.txt
[2.476s] writing top-level names to px4_ros_com.egg-info/top_level.txt
[2.586s] reading manifest file 'px4_ros_com.egg-info/SOURCES.txt'
[2.590s] writing manifest file 'px4_ros_com.egg-info/SOURCES.txt'
[2.636s] [100%] Built target ament_cmake_python_build_px4_ros_com_egg
[2.651s] Invoked command in '/home/amin/ros2_ardu_afra_team_ws/build/px4_ros_com' returned '0': CMAKE_PREFIX_PATH=${CMAKE_PREFIX_PATH}:/home/amin/ros2_ardu_afra_team_ws/install/ardu_afra_team:/home/amin/ros2_ws/install/px4_commander_pkg:/home/amin/ros2_ws/install/drone_formation:/opt/ros/humble /usr/bin/cmake --build /home/amin/ros2_ardu_afra_team_ws/build/px4_ros_com -- -j8 -l8
[2.666s] Invoking command in '/home/amin/ros2_ardu_afra_team_ws/build/px4_ros_com': CMAKE_PREFIX_PATH=${CMAKE_PREFIX_PATH}:/home/amin/ros2_ardu_afra_team_ws/install/ardu_afra_team:/home/amin/ros2_ws/install/px4_commander_pkg:/home/amin/ros2_ws/install/drone_formation:/opt/ros/humble /usr/bin/cmake --install /home/amin/ros2_ardu_afra_team_ws/build/px4_ros_com
[2.677s] -- Install configuration: ""
[2.678s] -- Execute custom install script
[2.678s] -- Up-to-date symlink: /home/amin/ros2_ardu_afra_team_ws/install/px4_ros_com/lib/px4_ros_com/sensor_combined_listener
[2.679s] -- Up-to-date symlink: /home/amin/ros2_ardu_afra_team_ws/install/px4_ros_com/lib/px4_ros_com/vehicle_gps_position_listener
[2.679s] -- Up-to-date symlink: /home/amin/ros2_ardu_afra_team_ws/install/px4_ros_com/lib/px4_ros_com/debug_vect_advertiser
[2.680s] -- Up-to-date symlink: /home/amin/ros2_ardu_afra_team_ws/install/px4_ros_com/lib/px4_ros_com/offboard_control
[2.680s] -- Up-to-date symlink: /home/amin/ros2_ardu_afra_team_ws/install/px4_ros_com/lib/px4_ros_com/offboard_control_srv
[2.681s] -- Up-to-date symlink: /home/amin/ros2_ardu_afra_team_ws/install/px4_ros_com/share/px4_ros_com/environment/library_path.sh
[2.681s] -- Up-to-date symlink: /home/amin/ros2_ardu_afra_team_ws/install/px4_ros_com/share/px4_ros_com/environment/library_path.dsv
[2.682s] -- Up-to-date symlink: /home/amin/ros2_ardu_afra_team_ws/install/px4_ros_com/include/px4_ros_com/frame_transforms.h
[2.683s] -- Up-to-date symlink: /home/amin/ros2_ardu_afra_team_ws/install/px4_ros_com/share/px4_ros_com//launch/offboard_control_launch.yaml
[2.683s] -- Up-to-date symlink: /home/amin/ros2_ardu_afra_team_ws/install/px4_ros_com/share/px4_ros_com//launch/sensor_combined_listener.launch.py
[2.683s] -- Up-to-date symlink: /home/amin/ros2_ardu_afra_team_ws/install/px4_ros_com/share/px4_ros_com//test/__init__.py
[2.684s] -- Up-to-date symlink: /home/amin/ros2_ardu_afra_team_ws/install/px4_ros_com/share/px4_ros_com//test/pipeline_io_test.py
[2.684s] -- Up-to-date symlink: /home/amin/ros2_ardu_afra_team_ws/install/px4_ros_com/share/px4_ros_com//test/test_input.py
[2.685s] -- Up-to-date symlink: /home/amin/ros2_ardu_afra_team_ws/install/px4_ros_com/share/px4_ros_com//test/test_output.py
[2.685s] -- Up-to-date symlink: /home/amin/ros2_ardu_afra_team_ws/install/px4_ros_com/share/px4_ros_com/environment/pythonpath.sh
[2.685s] -- Up-to-date symlink: /home/amin/ros2_ardu_afra_team_ws/install/px4_ros_com/share/px4_ros_com/environment/pythonpath.dsv
[2.686s] -- Up-to-date symlink: /home/amin/ros2_ardu_afra_team_ws/install/px4_ros_com/local/lib/python3.10/dist-packages/px4_ros_com-0.1.0-py3.10.egg-info/PKG-INFO
[2.686s] -- Up-to-date symlink: /home/amin/ros2_ardu_afra_team_ws/install/px4_ros_com/local/lib/python3.10/dist-packages/px4_ros_com-0.1.0-py3.10.egg-info/SOURCES.txt
[2.686s] -- Up-to-date symlink: /home/amin/ros2_ardu_afra_team_ws/install/px4_ros_com/local/lib/python3.10/dist-packages/px4_ros_com-0.1.0-py3.10.egg-info/dependency_links.txt
[2.686s] -- Up-to-date symlink: /home/amin/ros2_ardu_afra_team_ws/install/px4_ros_com/local/lib/python3.10/dist-packages/px4_ros_com-0.1.0-py3.10.egg-info/top_level.txt
[2.687s] -- Up-to-date symlink: /home/amin/ros2_ardu_afra_team_ws/install/px4_ros_com/local/lib/python3.10/dist-packages/px4_ros_com/__init__.py
[2.687s] -- Up-to-date symlink: /home/amin/ros2_ardu_afra_team_ws/install/px4_ros_com/local/lib/python3.10/dist-packages/px4_ros_com/module_to_import.py
[2.688s] -- Up-to-date symlink: /home/amin/ros2_ardu_afra_team_ws/install/px4_ros_com/lib/px4_ros_com/offboard_control.py
[2.688s] -- Up-to-date symlink: /home/amin/ros2_ardu_afra_team_ws/install/px4_ros_com/share/ament_index/resource_index/package_run_dependencies/px4_ros_com
[2.688s] -- Up-to-date symlink: /home/amin/ros2_ardu_afra_team_ws/install/px4_ros_com/share/ament_index/resource_index/parent_prefix_path/px4_ros_com
[2.689s] -- Up-to-date symlink: /home/amin/ros2_ardu_afra_team_ws/install/px4_ros_com/share/px4_ros_com/environment/ament_prefix_path.sh
[2.689s] -- Up-to-date symlink: /home/amin/ros2_ardu_afra_team_ws/install/px4_ros_com/share/px4_ros_com/environment/ament_prefix_path.dsv
[2.690s] -- Up-to-date symlink: /home/amin/ros2_ardu_afra_team_ws/install/px4_ros_com/share/px4_ros_com/environment/path.sh
[2.690s] -- Up-to-date symlink: /home/amin/ros2_ardu_afra_team_ws/install/px4_ros_com/share/px4_ros_com/environment/path.dsv
[2.691s] -- Up-to-date symlink: /home/amin/ros2_ardu_afra_team_ws/install/px4_ros_com/share/px4_ros_com/local_setup.bash
[2.691s] -- Up-to-date symlink: /home/amin/ros2_ardu_afra_team_ws/install/px4_ros_com/share/px4_ros_com/local_setup.sh
[2.691s] -- Up-to-date symlink: /home/amin/ros2_ardu_afra_team_ws/install/px4_ros_com/share/px4_ros_com/local_setup.zsh
[2.692s] -- Up-to-date symlink: /home/amin/ros2_ardu_afra_team_ws/install/px4_ros_com/share/px4_ros_com/local_setup.dsv
[2.692s] -- Symlinking: /home/amin/ros2_ardu_afra_team_ws/install/px4_ros_com/share/px4_ros_com/package.dsv
[2.704s] -- Up-to-date symlink: /home/amin/ros2_ardu_afra_team_ws/install/px4_ros_com/share/ament_index/resource_index/packages/px4_ros_com
[2.705s] -- Up-to-date symlink: /home/amin/ros2_ardu_afra_team_ws/install/px4_ros_com/share/px4_ros_com/cmake/ament_cmake_export_dependencies-extras.cmake
[2.705s] -- Up-to-date symlink: /home/amin/ros2_ardu_afra_team_ws/install/px4_ros_com/share/px4_ros_com/cmake/ament_cmake_export_targets-extras.cmake
[2.705s] -- Up-to-date symlink: /home/amin/ros2_ardu_afra_team_ws/install/px4_ros_com/share/px4_ros_com/cmake/ament_cmake_export_include_directories-extras.cmake
[2.706s] -- Up-to-date symlink: /home/amin/ros2_ardu_afra_team_ws/install/px4_ros_com/share/px4_ros_com/cmake/ament_cmake_export_libraries-extras.cmake
[2.706s] -- Up-to-date symlink: /home/amin/ros2_ardu_afra_team_ws/install/px4_ros_com/share/px4_ros_com/cmake/px4_ros_comConfig.cmake
[2.707s] -- Up-to-date symlink: /home/amin/ros2_ardu_afra_team_ws/install/px4_ros_com/share/px4_ros_com/cmake/px4_ros_comConfig-version.cmake
[2.707s] -- Up-to-date symlink: /home/amin/ros2_ardu_afra_team_ws/install/px4_ros_com/share/px4_ros_com/package.xml
[2.708s] -- Up-to-date: /home/amin/ros2_ardu_afra_team_ws/install/px4_ros_com/lib/libframe_transforms.so
[2.764s] Listing '/home/amin/ros2_ardu_afra_team_ws/install/px4_ros_com/local/lib/python3.10/dist-packages/px4_ros_com'...
[2.771s] -- Up-to-date: /home/amin/ros2_ardu_afra_team_ws/install/px4_ros_com/share/px4_ros_com/cmake/export_frame_transformsExport.cmake
[2.771s] -- Up-to-date: /home/amin/ros2_ardu_afra_team_ws/install/px4_ros_com/share/px4_ros_com/cmake/export_frame_transformsExport-noconfig.cmake
[2.775s] Invoked command in '/home/amin/ros2_ardu_afra_team_ws/build/px4_ros_com' returned '0': CMAKE_PREFIX_PATH=${CMAKE_PREFIX_PATH}:/home/amin/ros2_ardu_afra_team_ws/install/ardu_afra_team:/home/amin/ros2_ws/install/px4_commander_pkg:/home/amin/ros2_ws/install/drone_formation:/opt/ros/humble /usr/bin/cmake --install /home/amin/ros2_ardu_afra_team_ws/build/px4_ros_com
