[0.211s] DEBUG:colcon:Command line arguments: ['/usr/bin/colcon', 'build', '--symlink-install']
[0.211s] DEBUG:colcon:Parsed command line arguments: Namespace(log_base=None, log_level=None, verb_name='build', build_base='build', install_base='install', merge_install=False, symlink_install=True, test_result_base=None, continue_on_error=False, executor='parallel', parallel_workers=8, event_handlers=None, ignore_user_meta=False, metas=['./colcon.meta'], base_paths=['.'], packages_ignore=None, packages_ignore_regex=None, paths=None, packages_up_to=None, packages_up_to_regex=None, packages_above=None, packages_above_and_dependencies=None, packages_above_depth=None, packages_select_by_dep=None, packages_skip_by_dep=None, packages_skip_up_to=None, packages_select_build_failed=False, packages_skip_build_finished=False, packages_select_test_failures=False, packages_skip_test_passed=False, packages_select=None, packages_skip=None, packages_select_regex=None, packages_skip_regex=None, packages_start=None, packages_end=None, allow_overriding=[], cmake_args=None, cmake_target=None, cmake_target_skip_unavailable=False, cmake_clean_cache=False, cmake_clean_first=False, cmake_force_configure=False, ament_cmake_args=None, catkin_cmake_args=None, catkin_skip_building_tests=False, verb_parser=<colcon_defaults.argument_parser.defaults.DefaultArgumentsDecorator object at 0x7ff159c23820>, verb_extension=<colcon_core.verb.build.BuildVerb object at 0x7ff159be0040>, main=<bound method BuildVerb.main of <colcon_core.verb.build.BuildVerb object at 0x7ff159be0040>>)
[0.374s] Level 1:colcon.colcon_core.package_discovery:discover_packages(colcon_meta) check parameters
[0.374s] Level 1:colcon.colcon_core.package_discovery:discover_packages(recursive) check parameters
[0.374s] Level 1:colcon.colcon_core.package_discovery:discover_packages(ignore) check parameters
[0.374s] Level 1:colcon.colcon_core.package_discovery:discover_packages(path) check parameters
[0.374s] Level 1:colcon.colcon_core.package_discovery:discover_packages(colcon_meta) discover
[0.374s] Level 1:colcon.colcon_core.package_discovery:discover_packages(recursive) discover
[0.374s] INFO:colcon.colcon_core.package_discovery:Crawling recursively for packages in '/home/amin/ros2_ardu_afra_team_ws'
[0.375s] Level 1:colcon.colcon_core.package_identification:_identify(.) by extensions ['ignore', 'ignore_ament_install']
[0.375s] Level 1:colcon.colcon_core.package_identification:_identify(.) by extension 'ignore'
[0.375s] Level 1:colcon.colcon_core.package_identification:_identify(.) by extension 'ignore_ament_install'
[0.375s] Level 1:colcon.colcon_core.package_identification:_identify(.) by extensions ['colcon_pkg']
[0.375s] Level 1:colcon.colcon_core.package_identification:_identify(.) by extension 'colcon_pkg'
[0.375s] Level 1:colcon.colcon_core.package_identification:_identify(.) by extensions ['colcon_meta']
[0.375s] Level 1:colcon.colcon_core.package_identification:_identify(.) by extension 'colcon_meta'
[0.375s] Level 1:colcon.colcon_core.package_identification:_identify(.) by extensions ['ros']
[0.375s] Level 1:colcon.colcon_core.package_identification:_identify(.) by extension 'ros'
[0.421s] Level 1:colcon.colcon_core.package_identification:_identify(.) by extensions ['cmake', 'python']
[0.421s] Level 1:colcon.colcon_core.package_identification:_identify(.) by extension 'cmake'
[0.421s] Level 1:colcon.colcon_core.package_identification:_identify(.) by extension 'python'
[0.421s] Level 1:colcon.colcon_core.package_identification:_identify(.) by extensions ['python_setup_py']
[0.422s] Level 1:colcon.colcon_core.package_identification:_identify(.) by extension 'python_setup_py'
[0.422s] Level 1:colcon.colcon_core.package_identification:_identify(build) by extensions ['ignore', 'ignore_ament_install']
[0.422s] Level 1:colcon.colcon_core.package_identification:_identify(build) by extension 'ignore'
[0.422s] Level 1:colcon.colcon_core.package_identification:_identify(build) ignored
[0.423s] Level 1:colcon.colcon_core.package_identification:_identify(install) by extensions ['ignore', 'ignore_ament_install']
[0.423s] Level 1:colcon.colcon_core.package_identification:_identify(install) by extension 'ignore'
[0.423s] Level 1:colcon.colcon_core.package_identification:_identify(install) ignored
[0.423s] Level 1:colcon.colcon_core.package_identification:_identify(log) by extensions ['ignore', 'ignore_ament_install']
[0.424s] Level 1:colcon.colcon_core.package_identification:_identify(log) by extension 'ignore'
[0.424s] Level 1:colcon.colcon_core.package_identification:_identify(log) ignored
[0.424s] Level 1:colcon.colcon_core.package_identification:_identify(src) by extensions ['ignore', 'ignore_ament_install']
[0.424s] Level 1:colcon.colcon_core.package_identification:_identify(src) by extension 'ignore'
[0.424s] Level 1:colcon.colcon_core.package_identification:_identify(src) by extension 'ignore_ament_install'
[0.424s] Level 1:colcon.colcon_core.package_identification:_identify(src) by extensions ['colcon_pkg']
[0.425s] Level 1:colcon.colcon_core.package_identification:_identify(src) by extension 'colcon_pkg'
[0.425s] Level 1:colcon.colcon_core.package_identification:_identify(src) by extensions ['colcon_meta']
[0.425s] Level 1:colcon.colcon_core.package_identification:_identify(src) by extension 'colcon_meta'
[0.425s] Level 1:colcon.colcon_core.package_identification:_identify(src) by extensions ['ros']
[0.425s] Level 1:colcon.colcon_core.package_identification:_identify(src) by extension 'ros'
[0.425s] Level 1:colcon.colcon_core.package_identification:_identify(src) by extensions ['cmake', 'python']
[0.425s] Level 1:colcon.colcon_core.package_identification:_identify(src) by extension 'cmake'
[0.425s] Level 1:colcon.colcon_core.package_identification:_identify(src) by extension 'python'
[0.425s] Level 1:colcon.colcon_core.package_identification:_identify(src) by extensions ['python_setup_py']
[0.425s] Level 1:colcon.colcon_core.package_identification:_identify(src) by extension 'python_setup_py'
[0.426s] Level 1:colcon.colcon_core.package_identification:_identify(src/ardu_afra_team) by extensions ['ignore', 'ignore_ament_install']
[0.426s] Level 1:colcon.colcon_core.package_identification:_identify(src/ardu_afra_team) by extension 'ignore'
[0.426s] Level 1:colcon.colcon_core.package_identification:_identify(src/ardu_afra_team) by extension 'ignore_ament_install'
[0.426s] Level 1:colcon.colcon_core.package_identification:_identify(src/ardu_afra_team) by extensions ['colcon_pkg']
[0.426s] Level 1:colcon.colcon_core.package_identification:_identify(src/ardu_afra_team) by extension 'colcon_pkg'
[0.426s] Level 1:colcon.colcon_core.package_identification:_identify(src/ardu_afra_team) by extensions ['colcon_meta']
[0.426s] Level 1:colcon.colcon_core.package_identification:_identify(src/ardu_afra_team) by extension 'colcon_meta'
[0.426s] Level 1:colcon.colcon_core.package_identification:_identify(src/ardu_afra_team) by extensions ['ros']
[0.426s] Level 1:colcon.colcon_core.package_identification:_identify(src/ardu_afra_team) by extension 'ros'
[0.433s] DEBUG:colcon.colcon_core.package_identification:Package 'src/ardu_afra_team' with type 'ros.ament_python' and name 'ardu_afra_team'
[0.433s] Level 1:colcon.colcon_core.package_identification:_identify(src/px4_ros_com) by extensions ['ignore', 'ignore_ament_install']
[0.433s] Level 1:colcon.colcon_core.package_identification:_identify(src/px4_ros_com) by extension 'ignore'
[0.433s] Level 1:colcon.colcon_core.package_identification:_identify(src/px4_ros_com) by extension 'ignore_ament_install'
[0.433s] Level 1:colcon.colcon_core.package_identification:_identify(src/px4_ros_com) by extensions ['colcon_pkg']
[0.433s] Level 1:colcon.colcon_core.package_identification:_identify(src/px4_ros_com) by extension 'colcon_pkg'
[0.433s] Level 1:colcon.colcon_core.package_identification:_identify(src/px4_ros_com) by extensions ['colcon_meta']
[0.433s] Level 1:colcon.colcon_core.package_identification:_identify(src/px4_ros_com) by extension 'colcon_meta'
[0.433s] Level 1:colcon.colcon_core.package_identification:_identify(src/px4_ros_com) by extensions ['ros']
[0.433s] Level 1:colcon.colcon_core.package_identification:_identify(src/px4_ros_com) by extension 'ros'
[0.435s] DEBUG:colcon.colcon_core.package_identification:Package 'src/px4_ros_com' with type 'ros.ament_cmake' and name 'px4_ros_com'
[0.435s] Level 1:colcon.colcon_core.package_discovery:discover_packages(recursive) using defaults
[0.436s] Level 1:colcon.colcon_core.package_discovery:discover_packages(ignore) discover
[0.436s] Level 1:colcon.colcon_core.package_discovery:discover_packages(ignore) using defaults
[0.436s] Level 1:colcon.colcon_core.package_discovery:discover_packages(path) discover
[0.436s] Level 1:colcon.colcon_core.package_discovery:discover_packages(path) using defaults
[0.484s] Level 1:colcon.colcon_core.package_discovery:discover_packages(prefix_path) check parameters
[0.484s] Level 1:colcon.colcon_core.package_discovery:discover_packages(prefix_path) discover
[0.489s] DEBUG:colcon.colcon_installed_package_information.package_discovery:Found 9 installed packages in /home/amin/ros2_ws/install
[0.490s] DEBUG:colcon.colcon_installed_package_information.package_discovery:Found 1 installed packages in /home/amin/ros2_px4_offboard_example_ws/install
[0.492s] DEBUG:colcon.colcon_installed_package_information.package_discovery:Found 288 installed packages in /opt/ros/humble
[0.495s] Level 1:colcon.colcon_core.package_discovery:discover_packages(prefix_path) using defaults
[0.565s] Level 5:colcon.colcon_core.verb:set package 'ardu_afra_team' build argument 'cmake_args' from command line to 'None'
[0.565s] Level 5:colcon.colcon_core.verb:set package 'ardu_afra_team' build argument 'cmake_target' from command line to 'None'
[0.565s] Level 5:colcon.colcon_core.verb:set package 'ardu_afra_team' build argument 'cmake_target_skip_unavailable' from command line to 'False'
[0.565s] Level 5:colcon.colcon_core.verb:set package 'ardu_afra_team' build argument 'cmake_clean_cache' from command line to 'False'
[0.566s] Level 5:colcon.colcon_core.verb:set package 'ardu_afra_team' build argument 'cmake_clean_first' from command line to 'False'
[0.566s] Level 5:colcon.colcon_core.verb:set package 'ardu_afra_team' build argument 'cmake_force_configure' from command line to 'False'
[0.566s] Level 5:colcon.colcon_core.verb:set package 'ardu_afra_team' build argument 'ament_cmake_args' from command line to 'None'
[0.566s] Level 5:colcon.colcon_core.verb:set package 'ardu_afra_team' build argument 'catkin_cmake_args' from command line to 'None'
[0.566s] Level 5:colcon.colcon_core.verb:set package 'ardu_afra_team' build argument 'catkin_skip_building_tests' from command line to 'False'
[0.566s] DEBUG:colcon.colcon_core.verb:Building package 'ardu_afra_team' with the following arguments: {'ament_cmake_args': None, 'build_base': '/home/amin/ros2_ardu_afra_team_ws/build/ardu_afra_team', 'catkin_cmake_args': None, 'catkin_skip_building_tests': False, 'cmake_args': None, 'cmake_clean_cache': False, 'cmake_clean_first': False, 'cmake_force_configure': False, 'cmake_target': None, 'cmake_target_skip_unavailable': False, 'install_base': '/home/amin/ros2_ardu_afra_team_ws/install/ardu_afra_team', 'merge_install': False, 'path': '/home/amin/ros2_ardu_afra_team_ws/src/ardu_afra_team', 'symlink_install': True, 'test_result_base': None}
[0.566s] Level 5:colcon.colcon_core.verb:set package 'px4_ros_com' build argument 'cmake_args' from command line to 'None'
[0.566s] Level 5:colcon.colcon_core.verb:set package 'px4_ros_com' build argument 'cmake_target' from command line to 'None'
[0.566s] Level 5:colcon.colcon_core.verb:set package 'px4_ros_com' build argument 'cmake_target_skip_unavailable' from command line to 'False'
[0.567s] Level 5:colcon.colcon_core.verb:set package 'px4_ros_com' build argument 'cmake_clean_cache' from command line to 'False'
[0.567s] Level 5:colcon.colcon_core.verb:set package 'px4_ros_com' build argument 'cmake_clean_first' from command line to 'False'
[0.567s] Level 5:colcon.colcon_core.verb:set package 'px4_ros_com' build argument 'cmake_force_configure' from command line to 'False'
[0.567s] Level 5:colcon.colcon_core.verb:set package 'px4_ros_com' build argument 'ament_cmake_args' from command line to 'None'
[0.567s] Level 5:colcon.colcon_core.verb:set package 'px4_ros_com' build argument 'catkin_cmake_args' from command line to 'None'
[0.567s] Level 5:colcon.colcon_core.verb:set package 'px4_ros_com' build argument 'catkin_skip_building_tests' from command line to 'False'
[0.567s] DEBUG:colcon.colcon_core.verb:Building package 'px4_ros_com' with the following arguments: {'ament_cmake_args': None, 'build_base': '/home/amin/ros2_ardu_afra_team_ws/build/px4_ros_com', 'catkin_cmake_args': None, 'catkin_skip_building_tests': False, 'cmake_args': None, 'cmake_clean_cache': False, 'cmake_clean_first': False, 'cmake_force_configure': False, 'cmake_target': None, 'cmake_target_skip_unavailable': False, 'install_base': '/home/amin/ros2_ardu_afra_team_ws/install/px4_ros_com', 'merge_install': False, 'path': '/home/amin/ros2_ardu_afra_team_ws/src/px4_ros_com', 'symlink_install': True, 'test_result_base': None}
[0.567s] INFO:colcon.colcon_core.executor:Executing jobs using 'parallel' executor
[0.569s] DEBUG:colcon.colcon_parallel_executor.executor.parallel:run_until_complete
[0.569s] INFO:colcon.colcon_ros.task.ament_python.build:Building ROS package in '/home/amin/ros2_ardu_afra_team_ws/src/ardu_afra_team' with build type 'ament_python'
[0.569s] Level 1:colcon.colcon_core.shell:create_environment_hook('ardu_afra_team', 'ament_prefix_path')
[0.575s] INFO:colcon.colcon_core.plugin_system:Skipping extension 'colcon_core.shell.bat': Not used on non-Windows systems
[0.575s] INFO:colcon.colcon_core.shell:Creating environment hook '/home/amin/ros2_ardu_afra_team_ws/install/ardu_afra_team/share/ardu_afra_team/hook/ament_prefix_path.ps1'
[0.576s] INFO:colcon.colcon_core.shell:Creating environment descriptor '/home/amin/ros2_ardu_afra_team_ws/install/ardu_afra_team/share/ardu_afra_team/hook/ament_prefix_path.dsv'
[0.576s] INFO:colcon.colcon_core.shell:Creating environment hook '/home/amin/ros2_ardu_afra_team_ws/install/ardu_afra_team/share/ardu_afra_team/hook/ament_prefix_path.sh'
[0.577s] INFO:colcon.colcon_core.shell:Skip shell extension 'powershell' for command environment: Not usable outside of PowerShell
[0.577s] DEBUG:colcon.colcon_core.shell:Skip shell extension 'dsv' for command environment
[0.584s] INFO:colcon.colcon_ros.task.ament_cmake.build:Building ROS package in '/home/amin/ros2_ardu_afra_team_ws/src/px4_ros_com' with build type 'ament_cmake'
[0.584s] INFO:colcon.colcon_cmake.task.cmake.build:Building CMake package in '/home/amin/ros2_ardu_afra_team_ws/src/px4_ros_com'
[0.584s] INFO:colcon.colcon_core.shell:Skip shell extension 'powershell' for command environment: Not usable outside of PowerShell
[0.584s] DEBUG:colcon.colcon_core.shell:Skip shell extension 'dsv' for command environment
[0.974s] INFO:colcon.colcon_core.task.python.build:Building Python package in '/home/amin/ros2_ardu_afra_team_ws/src/ardu_afra_team'
[0.974s] INFO:colcon.colcon_core.shell:Skip shell extension 'powershell' for command environment: Not usable outside of PowerShell
[0.974s] DEBUG:colcon.colcon_core.shell:Skip shell extension 'dsv' for command environment
[0.987s] DEBUG:colcon.colcon_core.event_handler.log_command:Invoking command in '/home/amin/ros2_ardu_afra_team_ws/build/px4_ros_com': CMAKE_PREFIX_PATH=${CMAKE_PREFIX_PATH}:/home/amin/ros2_ws/install/px4_commander_pkg:/home/amin/ros2_ws/install/drone_formation:/opt/ros/humble /usr/bin/cmake --build /home/amin/ros2_ardu_afra_team_ws/build/px4_ros_com -- -j8 -l8
[1.759s] DEBUG:colcon.colcon_core.event_handler.log_command:Invoked command in '/home/amin/ros2_ardu_afra_team_ws/build/px4_ros_com' returned '0': CMAKE_PREFIX_PATH=${CMAKE_PREFIX_PATH}:/home/amin/ros2_ws/install/px4_commander_pkg:/home/amin/ros2_ws/install/drone_formation:/opt/ros/humble /usr/bin/cmake --build /home/amin/ros2_ardu_afra_team_ws/build/px4_ros_com -- -j8 -l8
[1.774s] DEBUG:colcon.colcon_core.event_handler.log_command:Invoking command in '/home/amin/ros2_ardu_afra_team_ws/build/px4_ros_com': CMAKE_PREFIX_PATH=${CMAKE_PREFIX_PATH}:/home/amin/ros2_ws/install/px4_commander_pkg:/home/amin/ros2_ws/install/drone_formation:/opt/ros/humble /usr/bin/cmake --install /home/amin/ros2_ardu_afra_team_ws/build/px4_ros_com
[1.875s] Level 1:colcon.colcon_core.environment:create_environment_scripts_only(px4_ros_com)
[1.876s] DEBUG:colcon.colcon_core.event_handler.log_command:Invoked command in '/home/amin/ros2_ardu_afra_team_ws/build/px4_ros_com' returned '0': CMAKE_PREFIX_PATH=${CMAKE_PREFIX_PATH}:/home/amin/ros2_ws/install/px4_commander_pkg:/home/amin/ros2_ws/install/drone_formation:/opt/ros/humble /usr/bin/cmake --install /home/amin/ros2_ardu_afra_team_ws/build/px4_ros_com
[1.887s] Level 1:colcon.colcon_core.environment:checking '/home/amin/ros2_ardu_afra_team_ws/install/px4_ros_com' for CMake module files
[1.888s] Level 1:colcon.colcon_core.environment:checking '/home/amin/ros2_ardu_afra_team_ws/install/px4_ros_com' for CMake config files
[1.888s] Level 1:colcon.colcon_core.shell:create_environment_hook('px4_ros_com', 'cmake_prefix_path')
[1.889s] INFO:colcon.colcon_core.shell:Creating environment hook '/home/amin/ros2_ardu_afra_team_ws/install/px4_ros_com/share/px4_ros_com/hook/cmake_prefix_path.ps1'
[1.889s] INFO:colcon.colcon_core.shell:Creating environment descriptor '/home/amin/ros2_ardu_afra_team_ws/install/px4_ros_com/share/px4_ros_com/hook/cmake_prefix_path.dsv'
[1.890s] INFO:colcon.colcon_core.shell:Creating environment hook '/home/amin/ros2_ardu_afra_team_ws/install/px4_ros_com/share/px4_ros_com/hook/cmake_prefix_path.sh'
[1.891s] Level 1:colcon.colcon_core.environment:checking '/home/amin/ros2_ardu_afra_team_ws/install/px4_ros_com/lib'
[1.891s] Level 1:colcon.colcon_core.shell:create_environment_hook('px4_ros_com', 'ld_library_path_lib')
[1.891s] INFO:colcon.colcon_core.shell:Creating environment hook '/home/amin/ros2_ardu_afra_team_ws/install/px4_ros_com/share/px4_ros_com/hook/ld_library_path_lib.ps1'
[1.892s] INFO:colcon.colcon_core.shell:Creating environment descriptor '/home/amin/ros2_ardu_afra_team_ws/install/px4_ros_com/share/px4_ros_com/hook/ld_library_path_lib.dsv'
[1.892s] INFO:colcon.colcon_core.shell:Creating environment hook '/home/amin/ros2_ardu_afra_team_ws/install/px4_ros_com/share/px4_ros_com/hook/ld_library_path_lib.sh'
[1.893s] Level 1:colcon.colcon_core.environment:checking '/home/amin/ros2_ardu_afra_team_ws/install/px4_ros_com/bin'
[1.893s] Level 1:colcon.colcon_core.environment:checking '/home/amin/ros2_ardu_afra_team_ws/install/px4_ros_com/lib/pkgconfig/px4_ros_com.pc'
[1.893s] Level 1:colcon.colcon_core.environment:checking '/home/amin/ros2_ardu_afra_team_ws/install/px4_ros_com/lib/python3.10/site-packages'
[1.894s] Level 1:colcon.colcon_core.environment:checking '/home/amin/ros2_ardu_afra_team_ws/install/px4_ros_com/bin'
[1.895s] INFO:colcon.colcon_core.shell:Creating package script '/home/amin/ros2_ardu_afra_team_ws/install/px4_ros_com/share/px4_ros_com/package.ps1'
[1.897s] INFO:colcon.colcon_core.shell:Creating package descriptor '/home/amin/ros2_ardu_afra_team_ws/install/px4_ros_com/share/px4_ros_com/package.dsv'
[1.898s] INFO:colcon.colcon_core.shell:Creating package script '/home/amin/ros2_ardu_afra_team_ws/install/px4_ros_com/share/px4_ros_com/package.sh'
[1.899s] INFO:colcon.colcon_core.shell:Creating package script '/home/amin/ros2_ardu_afra_team_ws/install/px4_ros_com/share/px4_ros_com/package.bash'
[1.900s] INFO:colcon.colcon_core.shell:Creating package script '/home/amin/ros2_ardu_afra_team_ws/install/px4_ros_com/share/px4_ros_com/package.zsh'
[1.901s] Level 1:colcon.colcon_core.environment:create_file_with_runtime_dependencies(/home/amin/ros2_ardu_afra_team_ws/install/px4_ros_com/share/colcon-core/packages/px4_ros_com)
[1.902s] Level 1:colcon.colcon_core.environment:create_environment_scripts_only(px4_ros_com)
[1.902s] Level 1:colcon.colcon_core.environment:checking '/home/amin/ros2_ardu_afra_team_ws/install/px4_ros_com' for CMake module files
[1.903s] Level 1:colcon.colcon_core.environment:checking '/home/amin/ros2_ardu_afra_team_ws/install/px4_ros_com' for CMake config files
[1.903s] Level 1:colcon.colcon_core.shell:create_environment_hook('px4_ros_com', 'cmake_prefix_path')
[1.903s] INFO:colcon.colcon_core.shell:Creating environment hook '/home/amin/ros2_ardu_afra_team_ws/install/px4_ros_com/share/px4_ros_com/hook/cmake_prefix_path.ps1'
[1.904s] INFO:colcon.colcon_core.shell:Creating environment descriptor '/home/amin/ros2_ardu_afra_team_ws/install/px4_ros_com/share/px4_ros_com/hook/cmake_prefix_path.dsv'
[1.905s] INFO:colcon.colcon_core.shell:Creating environment hook '/home/amin/ros2_ardu_afra_team_ws/install/px4_ros_com/share/px4_ros_com/hook/cmake_prefix_path.sh'
[1.905s] Level 1:colcon.colcon_core.environment:checking '/home/amin/ros2_ardu_afra_team_ws/install/px4_ros_com/lib'
[1.906s] Level 1:colcon.colcon_core.shell:create_environment_hook('px4_ros_com', 'ld_library_path_lib')
[1.906s] INFO:colcon.colcon_core.shell:Creating environment hook '/home/amin/ros2_ardu_afra_team_ws/install/px4_ros_com/share/px4_ros_com/hook/ld_library_path_lib.ps1'
[1.906s] INFO:colcon.colcon_core.shell:Creating environment descriptor '/home/amin/ros2_ardu_afra_team_ws/install/px4_ros_com/share/px4_ros_com/hook/ld_library_path_lib.dsv'
[1.907s] INFO:colcon.colcon_core.shell:Creating environment hook '/home/amin/ros2_ardu_afra_team_ws/install/px4_ros_com/share/px4_ros_com/hook/ld_library_path_lib.sh'
[1.907s] Level 1:colcon.colcon_core.environment:checking '/home/amin/ros2_ardu_afra_team_ws/install/px4_ros_com/bin'
[1.908s] Level 1:colcon.colcon_core.environment:checking '/home/amin/ros2_ardu_afra_team_ws/install/px4_ros_com/lib/pkgconfig/px4_ros_com.pc'
[1.908s] Level 1:colcon.colcon_core.environment:checking '/home/amin/ros2_ardu_afra_team_ws/install/px4_ros_com/lib/python3.10/site-packages'
[1.908s] Level 1:colcon.colcon_core.environment:checking '/home/amin/ros2_ardu_afra_team_ws/install/px4_ros_com/bin'
[1.909s] INFO:colcon.colcon_core.shell:Creating package script '/home/amin/ros2_ardu_afra_team_ws/install/px4_ros_com/share/px4_ros_com/package.ps1'
[1.910s] INFO:colcon.colcon_core.shell:Creating package descriptor '/home/amin/ros2_ardu_afra_team_ws/install/px4_ros_com/share/px4_ros_com/package.dsv'
[1.910s] INFO:colcon.colcon_core.shell:Creating package script '/home/amin/ros2_ardu_afra_team_ws/install/px4_ros_com/share/px4_ros_com/package.sh'
[1.912s] INFO:colcon.colcon_core.shell:Creating package script '/home/amin/ros2_ardu_afra_team_ws/install/px4_ros_com/share/px4_ros_com/package.bash'
[1.913s] INFO:colcon.colcon_core.shell:Creating package script '/home/amin/ros2_ardu_afra_team_ws/install/px4_ros_com/share/px4_ros_com/package.zsh'
[1.913s] Level 1:colcon.colcon_core.environment:create_file_with_runtime_dependencies(/home/amin/ros2_ardu_afra_team_ws/install/px4_ros_com/share/colcon-core/packages/px4_ros_com)
[2.273s] DEBUG:colcon.colcon_core.event_handler.log_command:Invoking command in '/home/amin/ros2_ardu_afra_team_ws/build/ardu_afra_team': PYTHONPATH=/home/amin/ros2_ardu_afra_team_ws/build/ardu_afra_team/prefix_override:/usr/lib/python3/dist-packages/colcon_core/task/python/colcon_distutils_commands:/home/amin/ros2_ardu_afra_team_ws/install/ardu_afra_team/lib/python3.10/site-packages:${PYTHONPATH} /usr/bin/python3 -W ignore:setup.py install is deprecated -W ignore:easy_install command is deprecated setup.py develop --editable --build-directory /home/amin/ros2_ardu_afra_team_ws/build/ardu_afra_team/build --no-deps symlink_data
[3.597s] Level 1:colcon.colcon_core.shell:create_environment_hook('ardu_afra_team', 'pythonpath_develop')
[3.598s] INFO:colcon.colcon_core.shell:Creating environment hook '/home/amin/ros2_ardu_afra_team_ws/build/ardu_afra_team/share/ardu_afra_team/hook/pythonpath_develop.ps1'
[3.599s] DEBUG:colcon.colcon_core.event_handler.log_command:Invoked command in '/home/amin/ros2_ardu_afra_team_ws/build/ardu_afra_team' returned '0': PYTHONPATH=/home/amin/ros2_ardu_afra_team_ws/build/ardu_afra_team/prefix_override:/usr/lib/python3/dist-packages/colcon_core/task/python/colcon_distutils_commands:/home/amin/ros2_ardu_afra_team_ws/install/ardu_afra_team/lib/python3.10/site-packages:${PYTHONPATH} /usr/bin/python3 -W ignore:setup.py install is deprecated -W ignore:easy_install command is deprecated setup.py develop --editable --build-directory /home/amin/ros2_ardu_afra_team_ws/build/ardu_afra_team/build --no-deps symlink_data
[3.601s] INFO:colcon.colcon_core.shell:Creating environment descriptor '/home/amin/ros2_ardu_afra_team_ws/build/ardu_afra_team/share/ardu_afra_team/hook/pythonpath_develop.dsv'
[3.602s] INFO:colcon.colcon_core.shell:Creating environment hook '/home/amin/ros2_ardu_afra_team_ws/build/ardu_afra_team/share/ardu_afra_team/hook/pythonpath_develop.sh'
[3.605s] Level 1:colcon.colcon_core.environment:checking '/home/amin/ros2_ardu_afra_team_ws/install/ardu_afra_team' for CMake module files
[3.607s] Level 1:colcon.colcon_core.environment:checking '/home/amin/ros2_ardu_afra_team_ws/install/ardu_afra_team' for CMake config files
[3.616s] Level 1:colcon.colcon_core.environment:checking '/home/amin/ros2_ardu_afra_team_ws/install/ardu_afra_team/lib'
[3.617s] Level 1:colcon.colcon_core.environment:checking '/home/amin/ros2_ardu_afra_team_ws/install/ardu_afra_team/bin'
[3.617s] Level 1:colcon.colcon_core.environment:checking '/home/amin/ros2_ardu_afra_team_ws/install/ardu_afra_team/lib/pkgconfig/ardu_afra_team.pc'
[3.617s] Level 1:colcon.colcon_core.environment:checking '/home/amin/ros2_ardu_afra_team_ws/install/ardu_afra_team/lib/python3.10/site-packages'
[3.618s] Level 1:colcon.colcon_core.shell:create_environment_hook('ardu_afra_team', 'pythonpath')
[3.618s] INFO:colcon.colcon_core.shell:Creating environment hook '/home/amin/ros2_ardu_afra_team_ws/install/ardu_afra_team/share/ardu_afra_team/hook/pythonpath.ps1'
[3.619s] INFO:colcon.colcon_core.shell:Creating environment descriptor '/home/amin/ros2_ardu_afra_team_ws/install/ardu_afra_team/share/ardu_afra_team/hook/pythonpath.dsv'
[3.620s] INFO:colcon.colcon_core.shell:Creating environment hook '/home/amin/ros2_ardu_afra_team_ws/install/ardu_afra_team/share/ardu_afra_team/hook/pythonpath.sh'
[3.621s] Level 1:colcon.colcon_core.environment:checking '/home/amin/ros2_ardu_afra_team_ws/install/ardu_afra_team/bin'
[3.622s] Level 1:colcon.colcon_core.environment:create_environment_scripts_only(ardu_afra_team)
[3.623s] INFO:colcon.colcon_core.shell:Creating package script '/home/amin/ros2_ardu_afra_team_ws/install/ardu_afra_team/share/ardu_afra_team/package.ps1'
[3.624s] INFO:colcon.colcon_core.shell:Creating package descriptor '/home/amin/ros2_ardu_afra_team_ws/install/ardu_afra_team/share/ardu_afra_team/package.dsv'
[3.625s] INFO:colcon.colcon_core.shell:Creating package script '/home/amin/ros2_ardu_afra_team_ws/install/ardu_afra_team/share/ardu_afra_team/package.sh'
[3.627s] INFO:colcon.colcon_core.shell:Creating package script '/home/amin/ros2_ardu_afra_team_ws/install/ardu_afra_team/share/ardu_afra_team/package.bash'
[3.627s] INFO:colcon.colcon_core.shell:Creating package script '/home/amin/ros2_ardu_afra_team_ws/install/ardu_afra_team/share/ardu_afra_team/package.zsh'
[3.628s] Level 1:colcon.colcon_core.environment:create_file_with_runtime_dependencies(/home/amin/ros2_ardu_afra_team_ws/install/ardu_afra_team/share/colcon-core/packages/ardu_afra_team)
[3.629s] DEBUG:colcon.colcon_parallel_executor.executor.parallel:closing loop
[3.630s] DEBUG:colcon.colcon_parallel_executor.executor.parallel:loop closed
[3.630s] DEBUG:colcon.colcon_parallel_executor.executor.parallel:run_until_complete finished with '0'
[3.630s] DEBUG:colcon.colcon_core.event_reactor:joining thread
[3.647s] INFO:colcon.colcon_core.plugin_system:Skipping extension 'colcon_notification.desktop_notification.terminal_notifier': Not used on non-Darwin systems
[3.647s] INFO:colcon.colcon_core.plugin_system:Skipping extension 'colcon_notification.desktop_notification.win32': Not used on non-Windows systems
[3.647s] INFO:colcon.colcon_notification.desktop_notification:Sending desktop notification using 'notify2'
[3.682s] DEBUG:colcon.colcon_core.event_reactor:joined thread
[3.683s] INFO:colcon.colcon_core.shell:Creating prefix script '/home/amin/ros2_ardu_afra_team_ws/install/local_setup.ps1'
[3.688s] INFO:colcon.colcon_core.shell:Creating prefix util module '/home/amin/ros2_ardu_afra_team_ws/install/_local_setup_util_ps1.py'
[3.694s] INFO:colcon.colcon_core.shell:Creating prefix chain script '/home/amin/ros2_ardu_afra_team_ws/install/setup.ps1'
[3.701s] INFO:colcon.colcon_core.shell:Creating prefix script '/home/amin/ros2_ardu_afra_team_ws/install/local_setup.sh'
[3.704s] INFO:colcon.colcon_core.shell:Creating prefix util module '/home/amin/ros2_ardu_afra_team_ws/install/_local_setup_util_sh.py'
[3.706s] INFO:colcon.colcon_core.shell:Creating prefix chain script '/home/amin/ros2_ardu_afra_team_ws/install/setup.sh'
[3.712s] INFO:colcon.colcon_core.shell:Creating prefix script '/home/amin/ros2_ardu_afra_team_ws/install/local_setup.bash'
[3.714s] INFO:colcon.colcon_core.shell:Creating prefix chain script '/home/amin/ros2_ardu_afra_team_ws/install/setup.bash'
[3.718s] INFO:colcon.colcon_core.shell:Creating prefix script '/home/amin/ros2_ardu_afra_team_ws/install/local_setup.zsh'
[3.719s] INFO:colcon.colcon_core.shell:Creating prefix chain script '/home/amin/ros2_ardu_afra_team_ws/install/setup.zsh'
