[1.841s] Invoking command in '/home/amin/ros2_ardu_afra_team_ws/build/ardu_afra_team': PYTHONPATH=/home/amin/ros2_ardu_afra_team_ws/build/ardu_afra_team/prefix_override:/usr/lib/python3/dist-packages/colcon_core/task/python/colcon_distutils_commands:/home/amin/ros2_ardu_afra_team_ws/install/ardu_afra_team/lib/python3.10/site-packages:${PYTHONPATH} /usr/bin/python3 -W ignore:setup.py install is deprecated -W ignore:easy_install command is deprecated setup.py develop --uninstall --editable --build-directory /home/amin/ros2_ardu_afra_team_ws/build/ardu_afra_team/build
[2.509s] running develop
[3.003s] Removing /home/amin/ros2_ardu_afra_team_ws/install/ardu_afra_team/lib/python3.10/site-packages/ardu-afra-team.egg-link (link to .)
[3.050s] Invoked command in '/home/amin/ros2_ardu_afra_team_ws/build/ardu_afra_team' returned '0': PYTHONPATH=/home/amin/ros2_ardu_afra_team_ws/build/ardu_afra_team/prefix_override:/usr/lib/python3/dist-packages/colcon_core/task/python/colcon_distutils_commands:/home/amin/ros2_ardu_afra_team_ws/install/ardu_afra_team/lib/python3.10/site-packages:${PYTHONPATH} /usr/bin/python3 -W ignore:setup.py install is deprecated -W ignore:easy_install command is deprecated setup.py develop --uninstall --editable --build-directory /home/amin/ros2_ardu_afra_team_ws/build/ardu_afra_team/build
[3.052s] Invoking command in '/home/amin/ros2_ardu_afra_team_ws/src/ardu_afra_team': PYTHONPATH=/home/amin/ros2_ardu_afra_team_ws/build/ardu_afra_team/prefix_override:/usr/lib/python3/dist-packages/colcon_core/task/python/colcon_distutils_commands:/home/amin/ros2_ardu_afra_team_ws/install/ardu_afra_team/lib/python3.10/site-packages:${PYTHONPATH} /usr/bin/python3 -W ignore:setup.py install is deprecated -W ignore:easy_install command is deprecated setup.py egg_info --egg-base ../../build/ardu_afra_team build --build-base /home/amin/ros2_ardu_afra_team_ws/build/ardu_afra_team/build install --record /home/amin/ros2_ardu_afra_team_ws/build/ardu_afra_team/install.log --single-version-externally-managed install_data --force
[3.552s] running egg_info
[3.585s] writing ../../build/ardu_afra_team/ardu_afra_team.egg-info/PKG-INFO
[3.586s] writing dependency_links to ../../build/ardu_afra_team/ardu_afra_team.egg-info/dependency_links.txt
[3.586s] writing entry points to ../../build/ardu_afra_team/ardu_afra_team.egg-info/entry_points.txt
[3.586s] writing requirements to ../../build/ardu_afra_team/ardu_afra_team.egg-info/requires.txt
[3.587s] writing top-level names to ../../build/ardu_afra_team/ardu_afra_team.egg-info/top_level.txt
[3.656s] reading manifest file '../../build/ardu_afra_team/ardu_afra_team.egg-info/SOURCES.txt'
[3.659s] writing manifest file '../../build/ardu_afra_team/ardu_afra_team.egg-info/SOURCES.txt'
[3.659s] running build
[3.659s] running build_py
[3.659s] copying ardu_afra_team/shape_control_node.py -> /home/amin/ros2_ardu_afra_team_ws/build/ardu_afra_team/build/lib/ardu_afra_team
[3.660s] copying ardu_afra_team/__init__.py -> /home/amin/ros2_ardu_afra_team_ws/build/ardu_afra_team/build/lib/ardu_afra_team
[3.660s] copying ardu_afra_team/menu_node.py -> /home/amin/ros2_ardu_afra_team_ws/build/ardu_afra_team/build/lib/ardu_afra_team
[3.660s] copying ardu_afra_team/movment_control_node.py -> /home/amin/ros2_ardu_afra_team_ws/build/ardu_afra_team/build/lib/ardu_afra_team
[3.660s] copying ardu_afra_team/control.py -> /home/amin/ros2_ardu_afra_team_ws/build/ardu_afra_team/build/lib/ardu_afra_team
[3.661s] running install
[3.667s] running install_lib
[3.702s] creating /home/amin/ros2_ardu_afra_team_ws/install/ardu_afra_team/lib/python3.10/site-packages/ardu_afra_team
[3.702s] copying /home/amin/ros2_ardu_afra_team_ws/build/ardu_afra_team/build/lib/ardu_afra_team/shape_control_node.py -> /home/amin/ros2_ardu_afra_team_ws/install/ardu_afra_team/lib/python3.10/site-packages/ardu_afra_team
[3.703s] copying /home/amin/ros2_ardu_afra_team_ws/build/ardu_afra_team/build/lib/ardu_afra_team/__init__.py -> /home/amin/ros2_ardu_afra_team_ws/install/ardu_afra_team/lib/python3.10/site-packages/ardu_afra_team
[3.703s] copying /home/amin/ros2_ardu_afra_team_ws/build/ardu_afra_team/build/lib/ardu_afra_team/menu_node.py -> /home/amin/ros2_ardu_afra_team_ws/install/ardu_afra_team/lib/python3.10/site-packages/ardu_afra_team
[3.703s] copying /home/amin/ros2_ardu_afra_team_ws/build/ardu_afra_team/build/lib/ardu_afra_team/movment_control_node.py -> /home/amin/ros2_ardu_afra_team_ws/install/ardu_afra_team/lib/python3.10/site-packages/ardu_afra_team
[3.703s] copying /home/amin/ros2_ardu_afra_team_ws/build/ardu_afra_team/build/lib/ardu_afra_team/control.py -> /home/amin/ros2_ardu_afra_team_ws/install/ardu_afra_team/lib/python3.10/site-packages/ardu_afra_team
[3.704s] byte-compiling /home/amin/ros2_ardu_afra_team_ws/install/ardu_afra_team/lib/python3.10/site-packages/ardu_afra_team/shape_control_node.py to shape_control_node.cpython-310.pyc
[3.707s] byte-compiling /home/amin/ros2_ardu_afra_team_ws/install/ardu_afra_team/lib/python3.10/site-packages/ardu_afra_team/__init__.py to __init__.cpython-310.pyc
[3.707s] byte-compiling /home/amin/ros2_ardu_afra_team_ws/install/ardu_afra_team/lib/python3.10/site-packages/ardu_afra_team/menu_node.py to menu_node.cpython-310.pyc
[3.708s] byte-compiling /home/amin/ros2_ardu_afra_team_ws/install/ardu_afra_team/lib/python3.10/site-packages/ardu_afra_team/movment_control_node.py to movment_control_node.cpython-310.pyc
[3.709s] byte-compiling /home/amin/ros2_ardu_afra_team_ws/install/ardu_afra_team/lib/python3.10/site-packages/ardu_afra_team/control.py to control.cpython-310.pyc
[3.711s] running install_data
[3.711s] copying resource/ardu_afra_team -> /home/amin/ros2_ardu_afra_team_ws/install/ardu_afra_team/share/ament_index/resource_index/packages
[3.712s] copying package.xml -> /home/amin/ros2_ardu_afra_team_ws/install/ardu_afra_team/share/ardu_afra_team
[3.713s] copying launch/spawn_drones.launch.py -> /home/amin/ros2_ardu_afra_team_ws/install/ardu_afra_team/share/ardu_afra_team/launch
[3.713s] copying models/iris_with_ardupilot/model.sdf -> /home/amin/ros2_ardu_afra_team_ws/install/ardu_afra_team/share/ardu_afra_team/models/iris_with_ardupilot
[3.714s] copying models/iris_with_ardupilot/model.config -> /home/amin/ros2_ardu_afra_team_ws/install/ardu_afra_team/share/ardu_afra_team/models/iris_with_ardupilot
[3.715s] running install_egg_info
[3.749s] Copying ../../build/ardu_afra_team/ardu_afra_team.egg-info to /home/amin/ros2_ardu_afra_team_ws/install/ardu_afra_team/lib/python3.10/site-packages/ardu_afra_team-0.0.0-py3.10.egg-info
[3.751s] running install_scripts
[4.016s] Installing control script to /home/amin/ros2_ardu_afra_team_ws/install/ardu_afra_team/lib/ardu_afra_team
[4.017s] Installing menu_node script to /home/amin/ros2_ardu_afra_team_ws/install/ardu_afra_team/lib/ardu_afra_team
[4.017s] Installing movment_control_node script to /home/amin/ros2_ardu_afra_team_ws/install/ardu_afra_team/lib/ardu_afra_team
[4.017s] Installing shape_control_node script to /home/amin/ros2_ardu_afra_team_ws/install/ardu_afra_team/lib/ardu_afra_team
[4.018s] writing list of installed files to '/home/amin/ros2_ardu_afra_team_ws/build/ardu_afra_team/install.log'
[4.068s] Invoked command in '/home/amin/ros2_ardu_afra_team_ws/src/ardu_afra_team' returned '0': PYTHONPATH=/home/amin/ros2_ardu_afra_team_ws/build/ardu_afra_team/prefix_override:/usr/lib/python3/dist-packages/colcon_core/task/python/colcon_distutils_commands:/home/amin/ros2_ardu_afra_team_ws/install/ardu_afra_team/lib/python3.10/site-packages:${PYTHONPATH} /usr/bin/python3 -W ignore:setup.py install is deprecated -W ignore:easy_install command is deprecated setup.py egg_info --egg-base ../../build/ardu_afra_team build --build-base /home/amin/ros2_ardu_afra_team_ws/build/ardu_afra_team/build install --record /home/amin/ros2_ardu_afra_team_ws/build/ardu_afra_team/install.log --single-version-externally-managed install_data --force
