[1.760s] Invoking command in '/home/amin/ros2_ardu_afra_team_ws/build/ardu_afra_team': PYTHONPATH=/home/amin/ros2_ardu_afra_team_ws/build/ardu_afra_team/prefix_override:/usr/lib/python3/dist-packages/colcon_core/task/python/colcon_distutils_commands:/home/amin/ros2_ardu_afra_team_ws/install/ardu_afra_team/lib/python3.10/site-packages:${PYTHONPATH} /usr/bin/python3 -W ignore:setup.py install is deprecated -W ignore:easy_install command is deprecated setup.py develop --editable --build-directory /home/amin/ros2_ardu_afra_team_ws/build/ardu_afra_team/build --no-deps symlink_data
[2.595s] running develop
[3.175s] running egg_info
[3.210s] writing ardu_afra_team.egg-info/PKG-INFO
[3.212s] writing dependency_links to ardu_afra_team.egg-info/dependency_links.txt
[3.212s] writing entry points to ardu_afra_team.egg-info/entry_points.txt
[3.212s] writing requirements to ardu_afra_team.egg-info/requires.txt
[3.213s] writing top-level names to ardu_afra_team.egg-info/top_level.txt
[3.284s] reading manifest file 'ardu_afra_team.egg-info/SOURCES.txt'
[3.287s] writing manifest file 'ardu_afra_team.egg-info/SOURCES.txt'
[3.323s] running build_ext
[3.323s] Creating /home/amin/ros2_ardu_afra_team_ws/install/ardu_afra_team/lib/python3.10/site-packages/ardu-afra-team.egg-link (link to .)
[3.325s] Installing control script to /home/amin/ros2_ardu_afra_team_ws/install/ardu_afra_team/lib/ardu_afra_team
[3.325s] Installing menu_node script to /home/amin/ros2_ardu_afra_team_ws/install/ardu_afra_team/lib/ardu_afra_team
[3.325s] Installing movment_control_node script to /home/amin/ros2_ardu_afra_team_ws/install/ardu_afra_team/lib/ardu_afra_team
[3.326s] Installing shape_control_node script to /home/amin/ros2_ardu_afra_team_ws/install/ardu_afra_team/lib/ardu_afra_team
[3.326s] 
[3.326s] Installed /home/amin/ros2_ardu_afra_team_ws/build/ardu_afra_team
[3.326s] running symlink_data
[3.391s] Invoked command in '/home/amin/ros2_ardu_afra_team_ws/build/ardu_afra_team' returned '0': PYTHONPATH=/home/amin/ros2_ardu_afra_team_ws/build/ardu_afra_team/prefix_override:/usr/lib/python3/dist-packages/colcon_core/task/python/colcon_distutils_commands:/home/amin/ros2_ardu_afra_team_ws/install/ardu_afra_team/lib/python3.10/site-packages:${PYTHONPATH} /usr/bin/python3 -W ignore:setup.py install is deprecated -W ignore:easy_install command is deprecated setup.py develop --editable --build-directory /home/amin/ros2_ardu_afra_team_ws/build/ardu_afra_team/build --no-deps symlink_data
