[0.454s] Invoking command in '/home/amin/ros2_ardu_afra_team_ws/build/px4_commander': CMAKE_PREFIX_PATH=${CMAKE_PREFIX_PATH}:/home/amin/ros2_ardu_afra_team_ws/install/ardu_afra_team:/home/amin/ros2_ws/install/px4_commander_pkg:/home/amin/ros2_ws/install/drone_formation:/opt/ros/humble /usr/bin/cmake /home/amin/ros2_ardu_afra_team_ws/src/px4_commander -DAMENT_CMAKE_SYMLINK_INSTALL=1 -DCMAKE_INSTALL_PREFIX=/home/amin/ros2_ardu_afra_team_ws/install/px4_commander
[0.592s] -- The C compiler identification is GNU 11.4.0
[0.686s] -- The CXX compiler identification is GNU 11.4.0
[0.705s] -- Detecting C compiler ABI info
[0.793s] -- Detecting C compiler ABI info - done
[0.809s] -- Check for working C compiler: /usr/lib/ccache/cc - skipped
[0.810s] -- Detecting C compile features
[0.812s] -- Detecting C compile features - done
[0.818s] -- Detecting CXX compiler ABI info
[0.926s] -- Detecting CXX compiler ABI info - done
[0.950s] -- Check for working CXX compiler: /usr/lib/ccache/c++ - skipped
[0.951s] -- Detecting CXX compile features
[0.952s] -- Detecting CXX compile features - done
[0.965s] -- Found ament_cmake: 1.3.11 (/opt/ros/humble/share/ament_cmake/cmake)
[1.827s] -- Found Python3: /usr/bin/python3 (found version "3.10.12") found components: Interpreter 
[1.984s] -- Override CMake install command with custom implementation using symlinks instead of copying resources
[2.064s] -- Found ament_lint_auto: 0.12.12 (/opt/ros/humble/share/ament_lint_auto/cmake)
[2.289s] -- Added test 'lint_cmake' to check CMake code style
[2.292s] -- Added test 'xmllint' to check XML markup files
[2.297s] -- Configuring done
[2.303s] -- Generating done
[2.308s] -- Build files have been written to: /home/amin/ros2_ardu_afra_team_ws/build/px4_commander
[2.315s] Invoked command in '/home/amin/ros2_ardu_afra_team_ws/build/px4_commander' returned '0': CMAKE_PREFIX_PATH=${CMAKE_PREFIX_PATH}:/home/amin/ros2_ardu_afra_team_ws/install/ardu_afra_team:/home/amin/ros2_ws/install/px4_commander_pkg:/home/amin/ros2_ws/install/drone_formation:/opt/ros/humble /usr/bin/cmake /home/amin/ros2_ardu_afra_team_ws/src/px4_commander -DAMENT_CMAKE_SYMLINK_INSTALL=1 -DCMAKE_INSTALL_PREFIX=/home/amin/ros2_ardu_afra_team_ws/install/px4_commander
[2.318s] Invoking command in '/home/amin/ros2_ardu_afra_team_ws/build/px4_commander': CMAKE_PREFIX_PATH=${CMAKE_PREFIX_PATH}:/home/amin/ros2_ardu_afra_team_ws/install/ardu_afra_team:/home/amin/ros2_ws/install/px4_commander_pkg:/home/amin/ros2_ws/install/drone_formation:/opt/ros/humble /usr/bin/cmake --build /home/amin/ros2_ardu_afra_team_ws/build/px4_commander -- -j8 -l8
[2.383s] Invoked command in '/home/amin/ros2_ardu_afra_team_ws/build/px4_commander' returned '0': CMAKE_PREFIX_PATH=${CMAKE_PREFIX_PATH}:/home/amin/ros2_ardu_afra_team_ws/install/ardu_afra_team:/home/amin/ros2_ws/install/px4_commander_pkg:/home/amin/ros2_ws/install/drone_formation:/opt/ros/humble /usr/bin/cmake --build /home/amin/ros2_ardu_afra_team_ws/build/px4_commander -- -j8 -l8
[2.386s] Invoking command in '/home/amin/ros2_ardu_afra_team_ws/build/px4_commander': CMAKE_PREFIX_PATH=${CMAKE_PREFIX_PATH}:/home/amin/ros2_ardu_afra_team_ws/install/ardu_afra_team:/home/amin/ros2_ws/install/px4_commander_pkg:/home/amin/ros2_ws/install/drone_formation:/opt/ros/humble /usr/bin/cmake --install /home/amin/ros2_ardu_afra_team_ws/build/px4_commander
[2.397s] -- Install configuration: ""
[2.398s] -- Execute custom install script
[2.399s] -- Symlinking: /home/amin/ros2_ardu_afra_team_ws/install/px4_commander/share/ament_index/resource_index/package_run_dependencies/px4_commander
[2.412s] -- Symlinking: /home/amin/ros2_ardu_afra_team_ws/install/px4_commander/share/ament_index/resource_index/parent_prefix_path/px4_commander
[2.426s] -- Symlinking: /home/amin/ros2_ardu_afra_team_ws/install/px4_commander/share/px4_commander/environment/ament_prefix_path.sh
[2.441s] -- Symlinking: /home/amin/ros2_ardu_afra_team_ws/install/px4_commander/share/px4_commander/environment/ament_prefix_path.dsv
[2.454s] -- Symlinking: /home/amin/ros2_ardu_afra_team_ws/install/px4_commander/share/px4_commander/environment/path.sh
[2.468s] -- Symlinking: /home/amin/ros2_ardu_afra_team_ws/install/px4_commander/share/px4_commander/environment/path.dsv
[2.482s] -- Symlinking: /home/amin/ros2_ardu_afra_team_ws/install/px4_commander/share/px4_commander/local_setup.bash
[2.499s] -- Symlinking: /home/amin/ros2_ardu_afra_team_ws/install/px4_commander/share/px4_commander/local_setup.sh
[2.518s] -- Symlinking: /home/amin/ros2_ardu_afra_team_ws/install/px4_commander/share/px4_commander/local_setup.zsh
[2.535s] -- Symlinking: /home/amin/ros2_ardu_afra_team_ws/install/px4_commander/share/px4_commander/local_setup.dsv
[2.549s] -- Symlinking: /home/amin/ros2_ardu_afra_team_ws/install/px4_commander/share/px4_commander/package.dsv
[2.568s] -- Symlinking: /home/amin/ros2_ardu_afra_team_ws/install/px4_commander/share/ament_index/resource_index/packages/px4_commander
[2.587s] -- Symlinking: /home/amin/ros2_ardu_afra_team_ws/install/px4_commander/share/px4_commander/cmake/px4_commanderConfig.cmake
[2.607s] -- Symlinking: /home/amin/ros2_ardu_afra_team_ws/install/px4_commander/share/px4_commander/cmake/px4_commanderConfig-version.cmake
[2.627s] -- Symlinking: /home/amin/ros2_ardu_afra_team_ws/install/px4_commander/share/px4_commander/package.xml
[2.650s] Invoked command in '/home/amin/ros2_ardu_afra_team_ws/build/px4_commander' returned '0': CMAKE_PREFIX_PATH=${CMAKE_PREFIX_PATH}:/home/amin/ros2_ardu_afra_team_ws/install/ardu_afra_team:/home/amin/ros2_ws/install/px4_commander_pkg:/home/amin/ros2_ws/install/drone_formation:/opt/ros/humble /usr/bin/cmake --install /home/amin/ros2_ardu_afra_team_ws/build/px4_commander
