[1.557s] Invoking command in '/home/amin/ros2_ardu_afra_team_ws/build/ardu_afra_team': PYTHONPATH=/home/amin/ros2_ardu_afra_team_ws/build/ardu_afra_team/prefix_override:/usr/lib/python3/dist-packages/colcon_core/task/python/colcon_distutils_commands:/home/amin/ros2_ardu_afra_team_ws/install/ardu_afra_team/lib/python3.10/site-packages:${PYTHONPATH} /usr/bin/python3 -W ignore:setup.py install is deprecated -W ignore:easy_install command is deprecated setup.py develop --editable --build-directory /home/amin/ros2_ardu_afra_team_ws/build/ardu_afra_team/build --no-deps symlink_data --force
[2.244s] running develop
[2.762s] running egg_info
[2.800s] writing ardu_afra_team.egg-info/PKG-INFO
[2.801s] writing dependency_links to ardu_afra_team.egg-info/dependency_links.txt
[2.801s] writing entry points to ardu_afra_team.egg-info/entry_points.txt
[2.801s] writing requirements to ardu_afra_team.egg-info/requires.txt
[2.801s] writing top-level names to ardu_afra_team.egg-info/top_level.txt
[2.877s] reading manifest file 'ardu_afra_team.egg-info/SOURCES.txt'
[2.879s] writing manifest file 'ardu_afra_team.egg-info/SOURCES.txt'
[2.918s] running build_ext
[2.918s] Creating /home/amin/ros2_ardu_afra_team_ws/install/ardu_afra_team/lib/python3.10/site-packages/ardu-afra-team.egg-link (link to .)
[2.919s] Installing control script to /home/amin/ros2_ardu_afra_team_ws/install/ardu_afra_team/lib/ardu_afra_team
[2.920s] Installing menu_node script to /home/amin/ros2_ardu_afra_team_ws/install/ardu_afra_team/lib/ardu_afra_team
[2.920s] Installing movment_control_node script to /home/amin/ros2_ardu_afra_team_ws/install/ardu_afra_team/lib/ardu_afra_team
[2.920s] Installing shape_control_node script to /home/amin/ros2_ardu_afra_team_ws/install/ardu_afra_team/lib/ardu_afra_team
[2.921s] 
[2.921s] Installed /home/amin/ros2_ardu_afra_team_ws/build/ardu_afra_team
[2.921s] running symlink_data
[2.922s] symbolically linking /home/amin/ros2_ardu_afra_team_ws/build/ardu_afra_team/resource/ardu_afra_team -> /home/amin/ros2_ardu_afra_team_ws/install/ardu_afra_team/share/ament_index/resource_index/packages
[2.922s] symbolically linking /home/amin/ros2_ardu_afra_team_ws/build/ardu_afra_team/package.xml -> /home/amin/ros2_ardu_afra_team_ws/install/ardu_afra_team/share/ardu_afra_team
[2.922s] symbolically linking /home/amin/ros2_ardu_afra_team_ws/build/ardu_afra_team/launch/spawn_drones.launch.py -> /home/amin/ros2_ardu_afra_team_ws/install/ardu_afra_team/share/ardu_afra_team/launch
[2.923s] symbolically linking /home/amin/ros2_ardu_afra_team_ws/build/ardu_afra_team/models/iris_with_ardupilot/model.sdf -> /home/amin/ros2_ardu_afra_team_ws/install/ardu_afra_team/share/ardu_afra_team/models/iris_with_ardupilot
[2.923s] symbolically linking /home/amin/ros2_ardu_afra_team_ws/build/ardu_afra_team/models/iris_with_ardupilot/model.config -> /home/amin/ros2_ardu_afra_team_ws/install/ardu_afra_team/share/ardu_afra_team/models/iris_with_ardupilot
[2.987s] Invoked command in '/home/amin/ros2_ardu_afra_team_ws/build/ardu_afra_team' returned '0': PYTHONPATH=/home/amin/ros2_ardu_afra_team_ws/build/ardu_afra_team/prefix_override:/usr/lib/python3/dist-packages/colcon_core/task/python/colcon_distutils_commands:/home/amin/ros2_ardu_afra_team_ws/install/ardu_afra_team/lib/python3.10/site-packages:${PYTHONPATH} /usr/bin/python3 -W ignore:setup.py install is deprecated -W ignore:easy_install command is deprecated setup.py develop --editable --build-directory /home/amin/ros2_ardu_afra_team_ws/build/ardu_afra_team/build --no-deps symlink_data --force
