[1.574s] Invoking command in '/home/amin/ros2_ardu_afra_team_ws/src/ardu_afra_team': PYTHONPATH=/home/amin/ros2_ardu_afra_team_ws/build/ardu_afra_team/prefix_override:/usr/lib/python3/dist-packages/colcon_core/task/python/colcon_distutils_commands:/home/amin/ros2_ardu_afra_team_ws/install/ardu_afra_team/lib/python3.10/site-packages:${PYTHONPATH} /usr/bin/python3 -W ignore:setup.py install is deprecated -W ignore:easy_install command is deprecated setup.py egg_info --egg-base ../../build/ardu_afra_team build --build-base /home/amin/ros2_ardu_afra_team_ws/build/ardu_afra_team/build install --record /home/amin/ros2_ardu_afra_team_ws/build/ardu_afra_team/install.log --single-version-externally-managed install_data
[2.109s] running egg_info
[2.142s] writing ../../build/ardu_afra_team/ardu_afra_team.egg-info/PKG-INFO
[2.143s] writing dependency_links to ../../build/ardu_afra_team/ardu_afra_team.egg-info/dependency_links.txt
[2.143s] writing entry points to ../../build/ardu_afra_team/ardu_afra_team.egg-info/entry_points.txt
[2.144s] writing requirements to ../../build/ardu_afra_team/ardu_afra_team.egg-info/requires.txt
[2.144s] writing top-level names to ../../build/ardu_afra_team/ardu_afra_team.egg-info/top_level.txt
[2.217s] reading manifest file '../../build/ardu_afra_team/ardu_afra_team.egg-info/SOURCES.txt'
[2.219s] writing manifest file '../../build/ardu_afra_team/ardu_afra_team.egg-info/SOURCES.txt'
[2.220s] running build
[2.220s] running build_py
[2.220s] copying ardu_afra_team/shape_control_node.py -> /home/amin/ros2_ardu_afra_team_ws/build/ardu_afra_team/build/lib/ardu_afra_team
[2.220s] copying ardu_afra_team/__init__.py -> /home/amin/ros2_ardu_afra_team_ws/build/ardu_afra_team/build/lib/ardu_afra_team
[2.221s] copying ardu_afra_team/menu_node.py -> /home/amin/ros2_ardu_afra_team_ws/build/ardu_afra_team/build/lib/ardu_afra_team
[2.221s] copying ardu_afra_team/movment_control_node.py -> /home/amin/ros2_ardu_afra_team_ws/build/ardu_afra_team/build/lib/ardu_afra_team
[2.221s] copying ardu_afra_team/control.py -> /home/amin/ros2_ardu_afra_team_ws/build/ardu_afra_team/build/lib/ardu_afra_team
[2.222s] running install
[2.228s] running install_lib
[2.265s] running install_data
[2.265s] copying resource/ardu_afra_team -> /home/amin/ros2_ardu_afra_team_ws/install/ardu_afra_team/share/ament_index/resource_index/packages
[2.266s] copying package.xml -> /home/amin/ros2_ardu_afra_team_ws/install/ardu_afra_team/share/ardu_afra_team
[2.266s] copying launch/spawn_drones.launch.py -> /home/amin/ros2_ardu_afra_team_ws/install/ardu_afra_team/share/ardu_afra_team/launch
[2.267s] copying models/iris_with_ardupilot/model.sdf -> /home/amin/ros2_ardu_afra_team_ws/install/ardu_afra_team/share/ardu_afra_team/models/iris_with_ardupilot
[2.268s] copying models/iris_with_ardupilot/model.config -> /home/amin/ros2_ardu_afra_team_ws/install/ardu_afra_team/share/ardu_afra_team/models/iris_with_ardupilot
[2.268s] running install_egg_info
[2.306s] removing '/home/amin/ros2_ardu_afra_team_ws/install/ardu_afra_team/lib/python3.10/site-packages/ardu_afra_team-0.0.0-py3.10.egg-info' (and everything under it)
[2.307s] Copying ../../build/ardu_afra_team/ardu_afra_team.egg-info to /home/amin/ros2_ardu_afra_team_ws/install/ardu_afra_team/lib/python3.10/site-packages/ardu_afra_team-0.0.0-py3.10.egg-info
[2.309s] running install_scripts
[2.601s] Installing control script to /home/amin/ros2_ardu_afra_team_ws/install/ardu_afra_team/lib/ardu_afra_team
[2.601s] Installing menu_node script to /home/amin/ros2_ardu_afra_team_ws/install/ardu_afra_team/lib/ardu_afra_team
[2.602s] Installing movment_control_node script to /home/amin/ros2_ardu_afra_team_ws/install/ardu_afra_team/lib/ardu_afra_team
[2.602s] Installing shape_control_node script to /home/amin/ros2_ardu_afra_team_ws/install/ardu_afra_team/lib/ardu_afra_team
[2.603s] writing list of installed files to '/home/amin/ros2_ardu_afra_team_ws/build/ardu_afra_team/install.log'
[2.653s] Invoked command in '/home/amin/ros2_ardu_afra_team_ws/src/ardu_afra_team' returned '0': PYTHONPATH=/home/amin/ros2_ardu_afra_team_ws/build/ardu_afra_team/prefix_override:/usr/lib/python3/dist-packages/colcon_core/task/python/colcon_distutils_commands:/home/amin/ros2_ardu_afra_team_ws/install/ardu_afra_team/lib/python3.10/site-packages:${PYTHONPATH} /usr/bin/python3 -W ignore:setup.py install is deprecated -W ignore:easy_install command is deprecated setup.py egg_info --egg-base ../../build/ardu_afra_team build --build-base /home/amin/ros2_ardu_afra_team_ws/build/ardu_afra_team/build install --record /home/amin/ros2_ardu_afra_team_ws/build/ardu_afra_team/install.log --single-version-externally-managed install_data
